{"D:\\Web\\dev\\stellar-burgers\\src\\features\\constructorItems\\constructorItemsSlice.ts": {"path":"D:\\Web\\dev\\stellar-burgers\\src\\features\\constructorItems\\constructorItemsSlice.ts","statementMap":{"0":{"start":{"line":1,"column":0},"end":{"line":1,"column":62}},"1":{"start":{"line":18,"column":40},"end":{"line":22,"column":2}},"2":{"start":{"line":27,"column":20},"end":{"line":31,"column":1}},"3":{"start":{"line":28,"column":2},"end":{"line":30,"column":63}},"4":{"start":{"line":30,"column":39},"end":{"line":30,"column":60}},"5":{"start":{"line":33,"column":20},"end":{"line":34,"column":5}},"6":{"start":{"line":34,"column":2},"end":{"line":34,"column":78}},"7":{"start":{"line":36,"column":30},"end":{"line":123,"column":2}},"8":{"start":{"line":41,"column":19},"end":{"line":41,"column":33}},"9":{"start":{"line":42,"column":6},"end":{"line":42,"column":24}},"10":{"start":{"line":42,"column":17},"end":{"line":42,"column":24}},"11":{"start":{"line":44,"column":6},"end":{"line":51,"column":7}},"12":{"start":{"line":45,"column":8},"end":{"line":45,"column":32}},"13":{"start":{"line":47,"column":22},"end":{"line":47,"column":57}},"14":{"start":{"line":48,"column":8},"end":{"line":49,"column":74}},"15":{"start":{"line":50,"column":8},"end":{"line":50,"column":41}},"16":{"start":{"line":52,"column":6},"end":{"line":52,"column":25}},"17":{"start":{"line":56,"column":22},"end":{"line":56,"column":36}},"18":{"start":{"line":59,"column":21},"end":{"line":60,"column":9}},"19":{"start":{"line":60,"column":8},"end":{"line":60,"column":79}},"20":{"start":{"line":62,"column":6},"end":{"line":85,"column":7}},"21":{"start":{"line":63,"column":20},"end":{"line":63,"column":27}},"22":{"start":{"line":64,"column":8},"end":{"line":66,"column":9}},"23":{"start":{"line":65,"column":10},"end":{"line":65,"column":43}},"24":{"start":{"line":67,"column":13},"end":{"line":85,"column":7}},"25":{"start":{"line":68,"column":20},"end":{"line":68,"column":27}},"26":{"start":{"line":69,"column":8},"end":{"line":72,"column":11}},"27":{"start":{"line":70,"column":22},"end":{"line":70,"column":32}},"28":{"start":{"line":71,"column":10},"end":{"line":71,"column":36}},"29":{"start":{"line":73,"column":13},"end":{"line":85,"column":7}},"30":{"start":{"line":74,"column":31},"end":{"line":74,"column":74}},"31":{"start":{"line":74,"column":21},"end":{"line":74,"column":23}},"32":{"start":{"line":74,"column":26},"end":{"line":74,"column":31}},"33":{"start":{"line":75,"column":8},"end":{"line":84,"column":9}},"34":{"start":{"line":76,"column":10},"end":{"line":78,"column":11}},"35":{"start":{"line":77,"column":12},"end":{"line":77,"column":47}},"36":{"start":{"line":79,"column":15},"end":{"line":84,"column":9}},"37":{"start":{"line":80,"column":10},"end":{"line":83,"column":13}},"38":{"start":{"line":81,"column":24},"end":{"line":81,"column":34}},"39":{"start":{"line":82,"column":12},"end":{"line":82,"column":38}},"40":{"start":{"line":87,"column":6},"end":{"line":89,"column":8}},"41":{"start":{"line":88,"column":16},"end":{"line":88,"column":null}},"42":{"start":{"line":91,"column":6},"end":{"line":91,"column":25}},"43":{"start":{"line":95,"column":6},"end":{"line":95,"column":64}},"44":{"start":{"line":96,"column":6},"end":{"line":96,"column":25}},"45":{"start":{"line":100,"column":37},"end":{"line":100,"column":51}},"46":{"start":{"line":100,"column":23},"end":{"line":100,"column":25}},"47":{"start":{"line":100,"column":32},"end":{"line":100,"column":37}},"48":{"start":{"line":101,"column":18},"end":{"line":101,"column":42}},"49":{"start":{"line":102,"column":6},"end":{"line":111,"column":7}},"50":{"start":{"line":110,"column":8},"end":{"line":110,"column":15}},"51":{"start":{"line":112,"column":22},"end":{"line":112,"column":61}},"52":{"start":{"line":113,"column":6},"end":{"line":113,"column":50}},"53":{"start":{"line":114,"column":6},"end":{"line":114,"column":25}},"54":{"start":{"line":118,"column":6},"end":{"line":118,"column":23}},"55":{"start":{"line":119,"column":6},"end":{"line":119,"column":29}},"56":{"start":{"line":120,"column":6},"end":{"line":120,"column":22}},"57":{"start":{"line":126,"column":2},"end":{"line":130,"column":null}},"58":{"start":{"line":132,"column":0},"end":{"line":132,"column":45}}},"fnMap":{"0":{"name":"(anonymous_2)","decl":{"start":{"line":27,"column":20},"end":{"line":27,"column":21}},"loc":{"start":{"line":27,"column":45},"end":{"line":31,"column":1}}},"1":{"name":"(anonymous_3)","decl":{"start":{"line":30,"column":29},"end":{"line":30,"column":30}},"loc":{"start":{"line":30,"column":34},"end":{"line":30,"column":40}}},"2":{"name":"(anonymous_4)","decl":{"start":{"line":33,"column":20},"end":{"line":33,"column":21}},"loc":{"start":{"line":33,"column":34},"end":{"line":34,"column":5}}},"3":{"name":"(anonymous_5)","decl":{"start":{"line":40,"column":17},"end":{"line":40,"column":18}},"loc":{"start":{"line":40,"column":67},"end":{"line":53,"column":5}}},"4":{"name":"(anonymous_6)","decl":{"start":{"line":55,"column":20},"end":{"line":55,"column":21}},"loc":{"start":{"line":55,"column":65},"end":{"line":92,"column":5}}},"5":{"name":"(anonymous_7)","decl":{"start":{"line":59,"column":21},"end":{"line":59,"column":22}},"loc":{"start":{"line":59,"column":57},"end":{"line":60,"column":9}}},"6":{"name":"(anonymous_8)","decl":{"start":{"line":69,"column":53},"end":{"line":69,"column":54}},"loc":{"start":{"line":69,"column":56},"end":{"line":72,"column":9}}},"7":{"name":"(anonymous_9)","decl":{"start":{"line":80,"column":55},"end":{"line":80,"column":56}},"loc":{"start":{"line":80,"column":58},"end":{"line":83,"column":11}}},"8":{"name":"(anonymous_10)","decl":{"start":{"line":88,"column":8},"end":{"line":88,"column":9}},"loc":{"start":{"line":88,"column":11},"end":{"line":88,"column":23}}},"9":{"name":"(anonymous_11)","decl":{"start":{"line":94,"column":10},"end":{"line":94,"column":11}},"loc":{"start":{"line":94,"column":67},"end":{"line":97,"column":5}}},"10":{"name":"(anonymous_12)","decl":{"start":{"line":99,"column":18},"end":{"line":99,"column":19}},"loc":{"start":{"line":99,"column":61},"end":{"line":115,"column":5}}},"11":{"name":"(anonymous_13)","decl":{"start":{"line":117,"column":20},"end":{"line":117,"column":21}},"loc":{"start":{"line":117,"column":26},"end":{"line":121,"column":5}}}},"branchMap":{"0":{"loc":{"start":{"line":29,"column":5},"end":{"line":29,"column":47}},"type":"cond-expr","locations":[{"start":{"line":29,"column":17},"end":{"line":29,"column":43}},{"start":{"line":29,"column":46},"end":{"line":29,"column":47}}]},"1":{"loc":{"start":{"line":29,"column":18},"end":{"line":29,"column":38}},"type":"binary-expr","locations":[{"start":{"line":29,"column":18},"end":{"line":29,"column":33}},{"start":{"line":29,"column":37},"end":{"line":29,"column":38}}]},"2":{"loc":{"start":{"line":30,"column":44},"end":{"line":30,"column":57}},"type":"binary-expr","locations":[{"start":{"line":30,"column":44},"end":{"line":30,"column":52}},{"start":{"line":30,"column":56},"end":{"line":30,"column":57}}]},"3":{"loc":{"start":{"line":30,"column":44},"end":{"line":30,"column":52}},"type":"cond-expr","locations":[{"start":{"line":30,"column":45},"end":{"line":30,"column":47}},{"start":{"line":30,"column":44},"end":{"line":30,"column":52}}]},"4":{"loc":{"start":{"line":30,"column":44},"end":{"line":30,"column":47}},"type":"binary-expr","locations":[{"start":{"line":30,"column":44},"end":{"line":30,"column":47}},{"start":{"line":30,"column":44},"end":{"line":30,"column":47}}]},"5":{"loc":{"start":{"line":34,"column":5},"end":{"line":34,"column":19}},"type":"binary-expr","locations":[{"start":{"line":34,"column":5},"end":{"line":34,"column":9}},{"start":{"line":34,"column":13},"end":{"line":34,"column":19}}]},"6":{"loc":{"start":{"line":42,"column":6},"end":{"line":42,"column":24}},"type":"if","locations":[{"start":{"line":42,"column":6},"end":{"line":42,"column":24}}]},"7":{"loc":{"start":{"line":44,"column":6},"end":{"line":51,"column":7}},"type":"if","locations":[{"start":{"line":44,"column":6},"end":{"line":51,"column":7}},{"start":{"line":46,"column":13},"end":{"line":51,"column":7}}]},"8":{"loc":{"start":{"line":49,"column":10},"end":{"line":49,"column":73}},"type":"binary-expr","locations":[{"start":{"line":49,"column":10},"end":{"line":49,"column":27}},{"start":{"line":49,"column":31},"end":{"line":49,"column":44}},{"start":{"line":49,"column":48},"end":{"line":49,"column":73}}]},"9":{"loc":{"start":{"line":60,"column":9},"end":{"line":60,"column":21}},"type":"cond-expr","locations":[{"start":{"line":60,"column":11},"end":{"line":60,"column":13}},{"start":{"line":60,"column":9},"end":{"line":60,"column":21}}]},"10":{"loc":{"start":{"line":60,"column":9},"end":{"line":60,"column":13}},"type":"binary-expr","locations":[{"start":{"line":60,"column":9},"end":{"line":60,"column":13}},{"start":{"line":60,"column":9},"end":{"line":60,"column":13}}]},"11":{"loc":{"start":{"line":60,"column":23},"end":{"line":60,"column":31}},"type":"cond-expr","locations":[{"start":{"line":60,"column":25},"end":{"line":60,"column":27}},{"start":{"line":60,"column":23},"end":{"line":60,"column":31}}]},"12":{"loc":{"start":{"line":60,"column":23},"end":{"line":60,"column":27}},"type":"binary-expr","locations":[{"start":{"line":60,"column":23},"end":{"line":60,"column":27}},{"start":{"line":60,"column":23},"end":{"line":60,"column":27}}]},"13":{"loc":{"start":{"line":60,"column":33},"end":{"line":60,"column":40}},"type":"cond-expr","locations":[{"start":{"line":60,"column":35},"end":{"line":60,"column":37}},{"start":{"line":60,"column":33},"end":{"line":60,"column":40}}]},"14":{"loc":{"start":{"line":60,"column":33},"end":{"line":60,"column":37}},"type":"binary-expr","locations":[{"start":{"line":60,"column":33},"end":{"line":60,"column":37}},{"start":{"line":60,"column":33},"end":{"line":60,"column":37}}]},"15":{"loc":{"start":{"line":60,"column":42},"end":{"line":60,"column":49}},"type":"cond-expr","locations":[{"start":{"line":60,"column":44},"end":{"line":60,"column":46}},{"start":{"line":60,"column":42},"end":{"line":60,"column":49}}]},"16":{"loc":{"start":{"line":60,"column":42},"end":{"line":60,"column":46}},"type":"binary-expr","locations":[{"start":{"line":60,"column":42},"end":{"line":60,"column":46}},{"start":{"line":60,"column":42},"end":{"line":60,"column":46}}]},"17":{"loc":{"start":{"line":62,"column":6},"end":{"line":85,"column":7}},"type":"if","locations":[{"start":{"line":62,"column":6},"end":{"line":85,"column":7}},{"start":{"line":67,"column":13},"end":{"line":85,"column":7}}]},"18":{"loc":{"start":{"line":64,"column":8},"end":{"line":66,"column":9}},"type":"if","locations":[{"start":{"line":64,"column":8},"end":{"line":66,"column":9}}]},"19":{"loc":{"start":{"line":64,"column":12},"end":{"line":64,"column":54}},"type":"binary-expr","locations":[{"start":{"line":64,"column":12},"end":{"line":64,"column":20}},{"start":{"line":64,"column":24},"end":{"line":64,"column":54}}]},"20":{"loc":{"start":{"line":67,"column":13},"end":{"line":85,"column":7}},"type":"if","locations":[{"start":{"line":67,"column":13},"end":{"line":85,"column":7}},{"start":{"line":73,"column":13},"end":{"line":85,"column":7}}]},"21":{"loc":{"start":{"line":73,"column":13},"end":{"line":85,"column":7}},"type":"if","locations":[{"start":{"line":73,"column":13},"end":{"line":85,"column":7}}]},"22":{"loc":{"start":{"line":73,"column":17},"end":{"line":73,"column":64}},"type":"binary-expr","locations":[{"start":{"line":73,"column":17},"end":{"line":73,"column":44}},{"start":{"line":73,"column":48},"end":{"line":73,"column":64}}]},"23":{"loc":{"start":{"line":75,"column":8},"end":{"line":84,"column":9}},"type":"if","locations":[{"start":{"line":75,"column":8},"end":{"line":84,"column":9}},{"start":{"line":79,"column":15},"end":{"line":84,"column":9}}]},"24":{"loc":{"start":{"line":76,"column":10},"end":{"line":78,"column":11}},"type":"if","locations":[{"start":{"line":76,"column":10},"end":{"line":78,"column":11}}]},"25":{"loc":{"start":{"line":76,"column":14},"end":{"line":76,"column":60}},"type":"binary-expr","locations":[{"start":{"line":76,"column":14},"end":{"line":76,"column":24}},{"start":{"line":76,"column":28},"end":{"line":76,"column":60}}]},"26":{"loc":{"start":{"line":79,"column":15},"end":{"line":84,"column":9}},"type":"if","locations":[{"start":{"line":79,"column":15},"end":{"line":84,"column":9}}]},"27":{"loc":{"start":{"line":95,"column":18},"end":{"line":95,"column":63}},"type":"cond-expr","locations":[{"start":{"line":95,"column":34},"end":{"line":95,"column":57}},{"start":{"line":95,"column":59},"end":{"line":95,"column":63}}]},"28":{"loc":{"start":{"line":102,"column":6},"end":{"line":111,"column":7}},"type":"if","locations":[{"start":{"line":102,"column":6},"end":{"line":111,"column":7}}]},"29":{"loc":{"start":{"line":103,"column":8},"end":{"line":108,"column":22}},"type":"binary-expr","locations":[{"start":{"line":103,"column":8},"end":{"line":103,"column":37}},{"start":{"line":104,"column":8},"end":{"line":104,"column":35}},{"start":{"line":105,"column":8},"end":{"line":105,"column":21}},{"start":{"line":106,"column":8},"end":{"line":106,"column":19}},{"start":{"line":107,"column":8},"end":{"line":107,"column":24}},{"start":{"line":108,"column":8},"end":{"line":108,"column":22}}]}},"s":{"0":4,"1":4,"2":4,"3":26,"4":29,"5":4,"6":11,"7":4,"8":14,"9":14,"10":0,"11":14,"12":0,"13":14,"14":14,"15":14,"16":14,"17":6,"18":6,"19":4,"20":6,"21":1,"22":1,"23":0,"24":5,"25":3,"26":3,"27":3,"28":3,"29":2,"30":2,"31":2,"32":2,"33":2,"34":1,"35":1,"36":1,"37":1,"38":1,"39":1,"40":6,"41":1,"42":6,"43":3,"44":3,"45":4,"46":4,"47":4,"48":4,"49":4,"50":1,"51":3,"52":3,"53":3,"54":1,"55":1,"56":1,"57":4,"58":4},"f":{"0":26,"1":29,"2":11,"3":14,"4":6,"5":4,"6":3,"7":1,"8":1,"9":3,"10":4,"11":1},"b":{"0":[2,24],"1":[2,0],"2":[29,5],"3":[0,29],"4":[29,29],"5":[11,0],"6":[0],"7":[0,14],"8":[14,11,11],"9":[0,4],"10":[4,4],"11":[0,4],"12":[4,4],"13":[0,4],"14":[4,4],"15":[0,4],"16":[4,4],"17":[1,5],"18":[0],"19":[1,1],"20":[3,2],"21":[2],"22":[2,2],"23":[1,1],"24":[1],"25":[1,1],"26":[1],"27":[2,1],"28":[1],"29":[4,4,4,3,3,3]}}
,"D:\\Web\\dev\\stellar-burgers\\src\\features\\feed\\feedSlice.ts": {"path":"D:\\Web\\dev\\stellar-burgers\\src\\features\\feed\\feedSlice.ts","statementMap":{"0":{"start":{"line":1,"column":0},"end":{"line":1,"column":65}},"1":{"start":{"line":4,"column":13},"end":{"line":8,"column":3}},"2":{"start":{"line":4,"column":60},"end":{"line":8,"column":2}},"3":{"start":{"line":5,"column":14},"end":{"line":5,"column":null}},"4":{"start":{"line":5,"column":8},"end":{"line":5,"column":null}},"5":{"start":{"line":6,"column":2},"end":{"line":6,"column":58}},"6":{"start":{"line":6,"column":15},"end":{"line":6,"column":58}},"7":{"start":{"line":7,"column":9},"end":{"line":7,"column":26}},"8":{"start":{"line":7,"column":2},"end":{"line":7,"column":26}},"9":{"start":{"line":18,"column":32},"end":{"line":24,"column":2}},"10":{"start":{"line":26,"column":18},"end":{"line":47,"column":2}},"11":{"start":{"line":31,"column":4},"end":{"line":45,"column":9}},"12":{"start":{"line":33,"column":8},"end":{"line":33,"column":31}},"13":{"start":{"line":34,"column":8},"end":{"line":34,"column":27}},"14":{"start":{"line":37,"column":8},"end":{"line":37,"column":32}},"15":{"start":{"line":38,"column":8},"end":{"line":38,"column":45}},"16":{"start":{"line":39,"column":8},"end":{"line":39,"column":43}},"17":{"start":{"line":40,"column":8},"end":{"line":40,"column":53}},"18":{"start":{"line":43,"column":8},"end":{"line":43,"column":32}},"19":{"start":{"line":44,"column":8},"end":{"line":44,"column":55}},"20":{"start":{"line":49,"column":0},"end":{"line":49,"column":33}}},"fnMap":{"0":{"name":"(anonymous_13)","decl":{"start":{"line":4,"column":60},"end":{"line":4,"column":null}},"loc":{"start":{"line":4,"column":60},"end":{"line":8,"column":2}}},"1":{"name":"(anonymous_16)","decl":{"start":{"line":30,"column":17},"end":{"line":30,"column":18}},"loc":{"start":{"line":30,"column":25},"end":{"line":46,"column":3}}},"2":{"name":"(anonymous_17)","decl":{"start":{"line":32,"column":34},"end":{"line":32,"column":35}},"loc":{"start":{"line":32,"column":40},"end":{"line":35,"column":7}}},"3":{"name":"(anonymous_18)","decl":{"start":{"line":36,"column":36},"end":{"line":36,"column":37}},"loc":{"start":{"line":36,"column":50},"end":{"line":41,"column":7}}},"4":{"name":"(anonymous_19)","decl":{"start":{"line":42,"column":35},"end":{"line":42,"column":36}},"loc":{"start":{"line":42,"column":49},"end":{"line":45,"column":7}}}},"branchMap":{"0":{"loc":{"start":{"line":5,"column":14},"end":{"line":5,"column":null}},"type":"switch","locations":[{"start":{"line":5,"column":14},"end":{"line":5,"column":null}},{"start":{"line":7,"column":2},"end":{"line":7,"column":26}}]},"1":{"loc":{"start":{"line":6,"column":2},"end":{"line":6,"column":58}},"type":"if","locations":[{"start":{"line":6,"column":2},"end":{"line":6,"column":58}}]},"2":{"loc":{"start":{"line":44,"column":22},"end":{"line":44,"column":54}},"type":"binary-expr","locations":[{"start":{"line":44,"column":22},"end":{"line":44,"column":42}},{"start":{"line":44,"column":46},"end":{"line":44,"column":54}}]}},"s":{"0":3,"1":3,"2":2,"3":2,"4":2,"5":2,"6":1,"7":1,"8":1,"9":3,"10":3,"11":2,"12":1,"13":1,"14":1,"15":1,"16":1,"17":1,"18":1,"19":1,"20":3},"f":{"0":4,"1":2,"2":1,"3":1,"4":1},"b":{"0":[2,1],"1":[1],"2":[1,0]}}
,"D:\\Web\\dev\\stellar-burgers\\src\\features\\ingredients\\ingredientsSlice.ts": {"path":"D:\\Web\\dev\\stellar-burgers\\src\\features\\ingredients\\ingredientsSlice.ts","statementMap":{"0":{"start":{"line":1,"column":0},"end":{"line":1,"column":80}},"1":{"start":{"line":2,"column":0},"end":{"line":2,"column":59}},"2":{"start":{"line":12,"column":39},"end":{"line":17,"column":2}},"3":{"start":{"line":19,"column":13},"end":{"line":22,"column":2}},"4":{"start":{"line":21,"column":2},"end":{"line":21,"column":null}},"5":{"start":{"line":21,"column":14},"end":{"line":21,"column":null}},"6":{"start":{"line":24,"column":25},"end":{"line":90,"column":2}},"7":{"start":{"line":29,"column":27},"end":{"line":29,"column":41}},"8":{"start":{"line":29,"column":16},"end":{"line":29,"column":18}},"9":{"start":{"line":29,"column":22},"end":{"line":29,"column":27}},"10":{"start":{"line":31,"column":6},"end":{"line":42,"column":7}},"11":{"start":{"line":33,"column":8},"end":{"line":38,"column":11}},"12":{"start":{"line":34,"column":23},"end":{"line":34,"column":63}},"13":{"start":{"line":34,"column":48},"end":{"line":34,"column":63}},"14":{"start":{"line":35,"column":10},"end":{"line":37,"column":11}},"15":{"start":{"line":36,"column":12},"end":{"line":36,"column":37}},"16":{"start":{"line":39,"column":8},"end":{"line":39,"column":29}},"17":{"start":{"line":41,"column":8},"end":{"line":41,"column":55}},"18":{"start":{"line":46,"column":27},"end":{"line":46,"column":41}},"19":{"start":{"line":46,"column":16},"end":{"line":46,"column":18}},"20":{"start":{"line":46,"column":22},"end":{"line":46,"column":27}},"21":{"start":{"line":48,"column":6},"end":{"line":59,"column":7}},"22":{"start":{"line":50,"column":8},"end":{"line":50,"column":54}},"23":{"start":{"line":50,"column":30},"end":{"line":50,"column":54}},"24":{"start":{"line":52,"column":24},"end":{"line":52,"column":45}},"25":{"start":{"line":53,"column":24},"end":{"line":53,"column":48}},"26":{"start":{"line":54,"column":8},"end":{"line":58,"column":9}},"27":{"start":{"line":55,"column":10},"end":{"line":55,"column":34}},"28":{"start":{"line":57,"column":10},"end":{"line":57,"column":37}},"29":{"start":{"line":63,"column":28},"end":{"line":63,"column":42}},"30":{"start":{"line":63,"column":16},"end":{"line":63,"column":18}},"31":{"start":{"line":63,"column":23},"end":{"line":63,"column":28}},"32":{"start":{"line":64,"column":6},"end":{"line":68,"column":7}},"33":{"start":{"line":65,"column":8},"end":{"line":65,"column":32}},"34":{"start":{"line":67,"column":8},"end":{"line":67,"column":33}},"35":{"start":{"line":72,"column":6},"end":{"line":72,"column":24}},"36":{"start":{"line":76,"column":4},"end":{"line":88,"column":9}},"37":{"start":{"line":78,"column":8},"end":{"line":78,"column":31}},"38":{"start":{"line":79,"column":8},"end":{"line":79,"column":27}},"39":{"start":{"line":82,"column":8},"end":{"line":82,"column":32}},"40":{"start":{"line":83,"column":8},"end":{"line":83,"column":37}},"41":{"start":{"line":86,"column":8},"end":{"line":86,"column":32}},"42":{"start":{"line":87,"column":8},"end":{"line":87,"column":77}},"43":{"start":{"line":92,"column":15},"end":{"line":92,"column":null}},"44":{"start":{"line":94,"column":0},"end":{"line":94,"column":40}}},"fnMap":{"0":{"name":"(anonymous_13)","decl":{"start":{"line":21,"column":2},"end":{"line":21,"column":14}},"loc":{"start":{"line":21,"column":2},"end":{"line":21,"column":null}}},"1":{"name":"(anonymous_16)","decl":{"start":{"line":28,"column":17},"end":{"line":28,"column":18}},"loc":{"start":{"line":28,"column":76},"end":{"line":43,"column":5}}},"2":{"name":"(anonymous_17)","decl":{"start":{"line":33,"column":42},"end":{"line":33,"column":43}},"loc":{"start":{"line":33,"column":46},"end":{"line":38,"column":9}}},"3":{"name":"(anonymous_18)","decl":{"start":{"line":34,"column":40},"end":{"line":34,"column":41}},"loc":{"start":{"line":34,"column":43},"end":{"line":34,"column":50}}},"4":{"name":"(anonymous_19)","decl":{"start":{"line":45,"column":17},"end":{"line":45,"column":18}},"loc":{"start":{"line":45,"column":76},"end":{"line":60,"column":5}}},"5":{"name":"(anonymous_20)","decl":{"start":{"line":62,"column":12},"end":{"line":62,"column":13}},"loc":{"start":{"line":62,"column":72},"end":{"line":69,"column":5}}},"6":{"name":"(anonymous_21)","decl":{"start":{"line":71,"column":15},"end":{"line":71,"column":16}},"loc":{"start":{"line":71,"column":21},"end":{"line":73,"column":5}}},"7":{"name":"(anonymous_22)","decl":{"start":{"line":75,"column":17},"end":{"line":75,"column":18}},"loc":{"start":{"line":75,"column":25},"end":{"line":89,"column":3}}},"8":{"name":"(anonymous_23)","decl":{"start":{"line":77,"column":41},"end":{"line":77,"column":42}},"loc":{"start":{"line":77,"column":47},"end":{"line":80,"column":7}}},"9":{"name":"(anonymous_24)","decl":{"start":{"line":81,"column":43},"end":{"line":81,"column":44}},"loc":{"start":{"line":81,"column":57},"end":{"line":84,"column":7}}},"10":{"name":"(anonymous_25)","decl":{"start":{"line":85,"column":42},"end":{"line":85,"column":43}},"loc":{"start":{"line":85,"column":56},"end":{"line":88,"column":7}}}},"branchMap":{"0":{"loc":{"start":{"line":21,"column":14},"end":{"line":21,"column":null}},"type":"switch","locations":[{"start":{"line":21,"column":14},"end":{"line":21,"column":null}},{"start":{"line":21,"column":14},"end":{"line":21,"column":null}}]},"1":{"loc":{"start":{"line":31,"column":6},"end":{"line":42,"column":7}},"type":"if","locations":[{"start":{"line":31,"column":6},"end":{"line":42,"column":7}},{"start":{"line":40,"column":13},"end":{"line":42,"column":7}}]},"2":{"loc":{"start":{"line":35,"column":10},"end":{"line":37,"column":11}},"type":"if","locations":[{"start":{"line":35,"column":10},"end":{"line":37,"column":11}}]},"3":{"loc":{"start":{"line":35,"column":14},"end":{"line":35,"column":24}},"type":"cond-expr","locations":[{"start":{"line":35,"column":18},"end":{"line":35,"column":20}},{"start":{"line":35,"column":14},"end":{"line":35,"column":24}}]},"4":{"loc":{"start":{"line":35,"column":14},"end":{"line":35,"column":20}},"type":"binary-expr","locations":[{"start":{"line":35,"column":14},"end":{"line":35,"column":20}},{"start":{"line":35,"column":14},"end":{"line":35,"column":20}}]},"5":{"loc":{"start":{"line":41,"column":28},"end":{"line":41,"column":49}},"type":"binary-expr","locations":[{"start":{"line":41,"column":28},"end":{"line":41,"column":44}},{"start":{"line":41,"column":48},"end":{"line":41,"column":49}}]},"6":{"loc":{"start":{"line":48,"column":6},"end":{"line":59,"column":7}},"type":"if","locations":[{"start":{"line":48,"column":6},"end":{"line":59,"column":7}},{"start":{"line":51,"column":13},"end":{"line":59,"column":7}}]},"7":{"loc":{"start":{"line":50,"column":8},"end":{"line":50,"column":54}},"type":"if","locations":[{"start":{"line":50,"column":8},"end":{"line":50,"column":54}}]},"8":{"loc":{"start":{"line":52,"column":24},"end":{"line":52,"column":45}},"type":"binary-expr","locations":[{"start":{"line":52,"column":24},"end":{"line":52,"column":40}},{"start":{"line":52,"column":44},"end":{"line":52,"column":45}}]},"9":{"loc":{"start":{"line":54,"column":8},"end":{"line":58,"column":9}},"type":"if","locations":[{"start":{"line":54,"column":8},"end":{"line":58,"column":9}},{"start":{"line":56,"column":15},"end":{"line":58,"column":9}}]},"10":{"loc":{"start":{"line":64,"column":6},"end":{"line":68,"column":7}},"type":"if","locations":[{"start":{"line":64,"column":6},"end":{"line":68,"column":7}},{"start":{"line":66,"column":13},"end":{"line":68,"column":7}}]},"11":{"loc":{"start":{"line":87,"column":22},"end":{"line":87,"column":76}},"type":"binary-expr","locations":[{"start":{"line":87,"column":22},"end":{"line":87,"column":42}},{"start":{"line":87,"column":46},"end":{"line":87,"column":76}}]}},"s":{"0":4,"1":4,"2":4,"3":4,"4":0,"5":0,"6":4,"7":3,"8":3,"9":3,"10":3,"11":1,"12":1,"13":1,"14":1,"15":1,"16":1,"17":2,"18":2,"19":2,"20":2,"21":2,"22":0,"23":0,"24":2,"25":2,"26":2,"27":1,"28":1,"29":4,"30":4,"31":4,"32":4,"33":1,"34":3,"35":1,"36":2,"37":1,"38":1,"39":5,"40":5,"41":1,"42":1,"43":4,"44":4},"f":{"0":0,"1":3,"2":1,"3":1,"4":2,"5":4,"6":1,"7":2,"8":1,"9":5,"10":1},"b":{"0":[0,0],"1":[1,2],"2":[1],"3":[0,1],"4":[1,1],"5":[2,1],"6":[0,2],"7":[0],"8":[2,0],"9":[1,1],"10":[1,3],"11":[1,0]}}
,"D:\\Web\\dev\\stellar-burgers\\src\\features\\order\\orderSlice.ts": {"path":"D:\\Web\\dev\\stellar-burgers\\src\\features\\order\\orderSlice.ts","statementMap":{"0":{"start":{"line":1,"column":0},"end":{"line":1,"column":65}},"1":{"start":{"line":2,"column":0},"end":{"line":2,"column":56}},"2":{"start":{"line":3,"column":0},"end":{"line":3,"column":77}},"3":{"start":{"line":4,"column":0},"end":{"line":4,"column":62}},"4":{"start":{"line":6,"column":13},"end":{"line":25,"column":2}},"5":{"start":{"line":8,"column":40},"end":{"line":24,"column":null}},"6":{"start":{"line":10,"column":23},"end":{"line":10,"column":null}},"7":{"start":{"line":10,"column":12},"end":{"line":10,"column":null}},"8":{"start":{"line":13,"column":6},"end":{"line":18,"column":7}},"9":{"start":{"line":14,"column":8},"end":{"line":14,"column":46}},"10":{"start":{"line":15,"column":8},"end":{"line":15,"column":41}},"11":{"start":{"line":20,"column":6},"end":{"line":20,"column":22}},"12":{"start":{"line":22,"column":6},"end":{"line":22,"column":72}},"13":{"start":{"line":32,"column":33},"end":{"line":35,"column":2}},"14":{"start":{"line":37,"column":19},"end":{"line":60,"column":2}},"15":{"start":{"line":42,"column":6},"end":{"line":42,"column":34}},"16":{"start":{"line":46,"column":4},"end":{"line":58,"column":9}},"17":{"start":{"line":48,"column":8},"end":{"line":48,"column":34}},"18":{"start":{"line":49,"column":8},"end":{"line":49,"column":36}},"19":{"start":{"line":52,"column":8},"end":{"line":52,"column":35}},"20":{"start":{"line":53,"column":8},"end":{"line":53,"column":46}},"21":{"start":{"line":56,"column":8},"end":{"line":56,"column":35}},"22":{"start":{"line":57,"column":8},"end":{"line":57,"column":57}},"23":{"start":{"line":62,"column":15},"end":{"line":62,"column":54}},"24":{"start":{"line":63,"column":0},"end":{"line":63,"column":34}}},"fnMap":{"0":{"name":"(anonymous_13)","decl":{"start":{"line":8,"column":2},"end":{"line":8,"column":9}},"loc":{"start":{"line":8,"column":40},"end":{"line":24,"column":null}}},"1":{"name":"(anonymous_14)","decl":{"start":{"line":8,"column":40},"end":{"line":8,"column":null}},"loc":{"start":{"line":8,"column":40},"end":{"line":24,"column":null}}},"2":{"name":"(anonymous_16)","decl":{"start":{"line":41,"column":19},"end":{"line":41,"column":20}},"loc":{"start":{"line":41,"column":25},"end":{"line":43,"column":5}}},"3":{"name":"(anonymous_17)","decl":{"start":{"line":45,"column":17},"end":{"line":45,"column":18}},"loc":{"start":{"line":45,"column":25},"end":{"line":59,"column":3}}},"4":{"name":"(anonymous_18)","decl":{"start":{"line":47,"column":36},"end":{"line":47,"column":37}},"loc":{"start":{"line":47,"column":42},"end":{"line":50,"column":7}}},"5":{"name":"(anonymous_19)","decl":{"start":{"line":51,"column":38},"end":{"line":51,"column":39}},"loc":{"start":{"line":51,"column":52},"end":{"line":54,"column":7}}},"6":{"name":"(anonymous_20)","decl":{"start":{"line":55,"column":37},"end":{"line":55,"column":38}},"loc":{"start":{"line":55,"column":51},"end":{"line":58,"column":7}}}},"branchMap":{"0":{"loc":{"start":{"line":22,"column":38},"end":{"line":22,"column":70}},"type":"binary-expr","locations":[{"start":{"line":22,"column":38},"end":{"line":22,"column":51}},{"start":{"line":22,"column":55},"end":{"line":22,"column":70}}]}},"s":{"0":3,"1":3,"2":3,"3":3,"4":3,"5":2,"6":2,"7":2,"8":1,"9":1,"10":1,"11":1,"12":1,"13":3,"14":3,"15":1,"16":2,"17":1,"18":1,"19":2,"20":2,"21":1,"22":1,"23":3,"24":3},"f":{"0":2,"1":2,"2":1,"3":2,"4":1,"5":2,"6":1},"b":{"0":[1,0]}}
,"D:\\Web\\dev\\stellar-burgers\\src\\features\\profileOrders\\profileOrdersSlice.ts": {"path":"D:\\Web\\dev\\stellar-burgers\\src\\features\\profileOrders\\profileOrdersSlice.ts","statementMap":{"0":{"start":{"line":1,"column":0},"end":{"line":1,"column":76}},"1":{"start":{"line":22,"column":41},"end":{"line":29,"column":2}},"2":{"start":{"line":32,"column":13},"end":{"line":32,"column":73}},"3":{"start":{"line":33,"column":13},"end":{"line":33,"column":71}},"4":{"start":{"line":34,"column":13},"end":{"line":34,"column":69}},"5":{"start":{"line":35,"column":13},"end":{"line":39,"column":30}},"6":{"start":{"line":41,"column":27},"end":{"line":71,"column":2}},"7":{"start":{"line":46,"column":6},"end":{"line":46,"column":45}},"8":{"start":{"line":49,"column":6},"end":{"line":49,"column":35}},"9":{"start":{"line":53,"column":4},"end":{"line":69,"column":9}},"10":{"start":{"line":55,"column":8},"end":{"line":55,"column":33}},"11":{"start":{"line":56,"column":8},"end":{"line":56,"column":27}},"12":{"start":{"line":59,"column":8},"end":{"line":59,"column":34}},"13":{"start":{"line":63,"column":8},"end":{"line":63,"column":37}},"14":{"start":{"line":66,"column":8},"end":{"line":66,"column":45}},"15":{"start":{"line":67,"column":8},"end":{"line":67,"column":43}},"16":{"start":{"line":68,"column":8},"end":{"line":68,"column":53}},"17":{"start":{"line":73,"column":15},"end":{"line":73,"column":null}},"18":{"start":{"line":75,"column":0},"end":{"line":75,"column":42}}},"fnMap":{"0":{"name":"(anonymous_0)","decl":{"start":{"line":45,"column":20},"end":{"line":45,"column":21}},"loc":{"start":{"line":45,"column":64},"end":{"line":47,"column":5}}},"1":{"name":"(anonymous_1)","decl":{"start":{"line":48,"column":22},"end":{"line":48,"column":23}},"loc":{"start":{"line":48,"column":28},"end":{"line":50,"column":5}}},"2":{"name":"(anonymous_2)","decl":{"start":{"line":52,"column":17},"end":{"line":52,"column":18}},"loc":{"start":{"line":52,"column":25},"end":{"line":70,"column":3}}},"3":{"name":"(anonymous_3)","decl":{"start":{"line":54,"column":26},"end":{"line":54,"column":27}},"loc":{"start":{"line":54,"column":32},"end":{"line":57,"column":7}}},"4":{"name":"(anonymous_4)","decl":{"start":{"line":58,"column":29},"end":{"line":58,"column":30}},"loc":{"start":{"line":58,"column":35},"end":{"line":61,"column":7}}},"5":{"name":"(anonymous_5)","decl":{"start":{"line":62,"column":24},"end":{"line":62,"column":25}},"loc":{"start":{"line":62,"column":38},"end":{"line":64,"column":7}}},"6":{"name":"(anonymous_6)","decl":{"start":{"line":65,"column":26},"end":{"line":65,"column":27}},"loc":{"start":{"line":65,"column":40},"end":{"line":69,"column":7}}}},"branchMap":{},"s":{"0":2,"1":2,"2":2,"3":2,"4":2,"5":2,"6":2,"7":1,"8":1,"9":2,"10":1,"11":1,"12":1,"13":1,"14":1,"15":1,"16":1,"17":2,"18":2},"f":{"0":1,"1":1,"2":2,"3":1,"4":1,"5":1,"6":1},"b":{}}
,"D:\\Web\\dev\\stellar-burgers\\src\\features\\user\\userSlice.ts": {"path":"D:\\Web\\dev\\stellar-burgers\\src\\features\\user\\userSlice.ts","statementMap":{"0":{"start":{"line":1,"column":0},"end":{"line":1,"column":65}},"1":{"start":{"line":2,"column":0},"end":{"line":2,"column":58}},"2":{"start":{"line":3,"column":0},"end":{"line":3,"column":72}},"3":{"start":{"line":5,"column":12},"end":{"line":5,"column":53}},"4":{"start":{"line":19,"column":32},"end":{"line":24,"column":2}},"5":{"start":{"line":47,"column":2},"end":{"line":49,"column":5}},"6":{"start":{"line":50,"column":2},"end":{"line":50,"column":64}},"7":{"start":{"line":51,"column":2},"end":{"line":51,"column":51}},"8":{"start":{"line":52,"column":2},"end":{"line":52,"column":53}},"9":{"start":{"line":55,"column":13},"end":{"line":72,"column":2}},"10":{"start":{"line":57,"column":74},"end":{"line":71,"column":null}},"11":{"start":{"line":59,"column":19},"end":{"line":65,"column":33}},"12":{"start":{"line":59,"column":12},"end":{"line":65,"column":null}},"13":{"start":{"line":66,"column":6},"end":{"line":66,"column":52}},"14":{"start":{"line":67,"column":6},"end":{"line":67,"column":22}},"15":{"start":{"line":69,"column":6},"end":{"line":69,"column":51}},"16":{"start":{"line":74,"column":13},"end":{"line":91,"column":2}},"17":{"start":{"line":76,"column":60},"end":{"line":90,"column":null}},"18":{"start":{"line":78,"column":19},"end":{"line":84,"column":30}},"19":{"start":{"line":78,"column":12},"end":{"line":84,"column":null}},"20":{"start":{"line":85,"column":6},"end":{"line":85,"column":52}},"21":{"start":{"line":86,"column":6},"end":{"line":86,"column":22}},"22":{"start":{"line":88,"column":6},"end":{"line":88,"column":51}},"23":{"start":{"line":93,"column":13},"end":{"line":114,"column":2}},"24":{"start":{"line":97,"column":12},"end":{"line":113,"column":null}},"25":{"start":{"line":100,"column":12},"end":{"line":100,"column":51}},"26":{"start":{"line":101,"column":19},"end":{"line":108,"column":31}},"27":{"start":{"line":101,"column":12},"end":{"line":108,"column":null}},"28":{"start":{"line":109,"column":6},"end":{"line":109,"column":22}},"29":{"start":{"line":111,"column":6},"end":{"line":111,"column":51}},"30":{"start":{"line":117,"column":13},"end":{"line":144,"column":2}},"31":{"start":{"line":119,"column":20},"end":{"line":143,"column":null}},"32":{"start":{"line":120,"column":10},"end":{"line":120,"column":49}},"33":{"start":{"line":121,"column":4},"end":{"line":129,"column":5}},"34":{"start":{"line":128,"column":6},"end":{"line":128,"column":52}},"35":{"start":{"line":131,"column":19},"end":{"line":137,"column":27}},"36":{"start":{"line":131,"column":12},"end":{"line":137,"column":null}},"37":{"start":{"line":138,"column":6},"end":{"line":138,"column":22}},"38":{"start":{"line":140,"column":6},"end":{"line":140,"column":34}},"39":{"start":{"line":141,"column":6},"end":{"line":141,"column":71}},"40":{"start":{"line":146,"column":18},"end":{"line":226,"column":2}},"41":{"start":{"line":151,"column":6},"end":{"line":151,"column":34}},"42":{"start":{"line":152,"column":6},"end":{"line":152,"column":32}},"43":{"start":{"line":155,"column":6},"end":{"line":155,"column":24}},"44":{"start":{"line":156,"column":6},"end":{"line":156,"column":32}},"45":{"start":{"line":157,"column":6},"end":{"line":157,"column":34}},"46":{"start":{"line":158,"column":6},"end":{"line":158,"column":35}},"47":{"start":{"line":159,"column":6},"end":{"line":159,"column":45}},"48":{"start":{"line":160,"column":6},"end":{"line":160,"column":46}},"49":{"start":{"line":164,"column":4},"end":{"line":224,"column":9}},"50":{"start":{"line":166,"column":8},"end":{"line":166,"column":31}},"51":{"start":{"line":167,"column":8},"end":{"line":167,"column":27}},"52":{"start":{"line":168,"column":8},"end":{"line":168,"column":35}},"53":{"start":{"line":171,"column":8},"end":{"line":171,"column":32}},"54":{"start":{"line":172,"column":8},"end":{"line":172,"column":36}},"55":{"start":{"line":173,"column":8},"end":{"line":173,"column":34}},"56":{"start":{"line":176,"column":8},"end":{"line":176,"column":32}},"57":{"start":{"line":177,"column":8},"end":{"line":177,"column":47}},"58":{"start":{"line":178,"column":8},"end":{"line":178,"column":34}},"59":{"start":{"line":181,"column":8},"end":{"line":181,"column":31}},"60":{"start":{"line":182,"column":8},"end":{"line":182,"column":27}},"61":{"start":{"line":183,"column":8},"end":{"line":183,"column":35}},"62":{"start":{"line":186,"column":8},"end":{"line":186,"column":32}},"63":{"start":{"line":187,"column":8},"end":{"line":187,"column":36}},"64":{"start":{"line":188,"column":8},"end":{"line":188,"column":34}},"65":{"start":{"line":191,"column":8},"end":{"line":191,"column":32}},"66":{"start":{"line":192,"column":8},"end":{"line":192,"column":47}},"67":{"start":{"line":193,"column":8},"end":{"line":193,"column":34}},"68":{"start":{"line":196,"column":8},"end":{"line":196,"column":31}},"69":{"start":{"line":197,"column":8},"end":{"line":197,"column":27}},"70":{"start":{"line":200,"column":8},"end":{"line":200,"column":32}},"71":{"start":{"line":201,"column":8},"end":{"line":201,"column":36}},"72":{"start":{"line":202,"column":8},"end":{"line":202,"column":34}},"73":{"start":{"line":205,"column":8},"end":{"line":205,"column":32}},"74":{"start":{"line":206,"column":8},"end":{"line":206,"column":47}},"75":{"start":{"line":207,"column":8},"end":{"line":207,"column":34}},"76":{"start":{"line":210,"column":8},"end":{"line":210,"column":31}},"77":{"start":{"line":211,"column":8},"end":{"line":211,"column":27}},"78":{"start":{"line":212,"column":8},"end":{"line":212,"column":35}},"79":{"start":{"line":215,"column":8},"end":{"line":215,"column":32}},"80":{"start":{"line":216,"column":8},"end":{"line":216,"column":36}},"81":{"start":{"line":217,"column":8},"end":{"line":217,"column":34}},"82":{"start":{"line":220,"column":8},"end":{"line":220,"column":32}},"83":{"start":{"line":221,"column":8},"end":{"line":221,"column":47}},"84":{"start":{"line":222,"column":8},"end":{"line":222,"column":26}},"85":{"start":{"line":223,"column":8},"end":{"line":223,"column":34}},"86":{"start":{"line":228,"column":15},"end":{"line":228,"column":35}},"87":{"start":{"line":229,"column":0},"end":{"line":229,"column":33}}},"fnMap":{"0":{"name":"saveTokens","decl":{"start":{"line":46,"column":9},"end":{"line":46,"column":19}},"loc":{"start":{"line":46,"column":61},"end":{"line":53,"column":1}}},"1":{"name":"(anonymous_14)","decl":{"start":{"line":57,"column":2},"end":{"line":57,"column":9}},"loc":{"start":{"line":57,"column":74},"end":{"line":71,"column":null}}},"2":{"name":"(anonymous_15)","decl":{"start":{"line":57,"column":74},"end":{"line":57,"column":null}},"loc":{"start":{"line":57,"column":74},"end":{"line":71,"column":null}}},"3":{"name":"(anonymous_17)","decl":{"start":{"line":76,"column":2},"end":{"line":76,"column":9}},"loc":{"start":{"line":76,"column":60},"end":{"line":90,"column":null}}},"4":{"name":"(anonymous_18)","decl":{"start":{"line":76,"column":60},"end":{"line":76,"column":null}},"loc":{"start":{"line":76,"column":60},"end":{"line":90,"column":null}}},"5":{"name":"(anonymous_20)","decl":{"start":{"line":95,"column":2},"end":{"line":95,"column":null}},"loc":{"start":{"line":97,"column":12},"end":{"line":113,"column":null}}},"6":{"name":"(anonymous_21)","decl":{"start":{"line":97,"column":12},"end":{"line":97,"column":null}},"loc":{"start":{"line":97,"column":12},"end":{"line":113,"column":null}}},"7":{"name":"(anonymous_23)","decl":{"start":{"line":119,"column":2},"end":{"line":119,"column":9}},"loc":{"start":{"line":119,"column":20},"end":{"line":143,"column":null}}},"8":{"name":"(anonymous_24)","decl":{"start":{"line":119,"column":20},"end":{"line":119,"column":null}},"loc":{"start":{"line":119,"column":20},"end":{"line":143,"column":null}}},"9":{"name":"(anonymous_26)","decl":{"start":{"line":150,"column":11},"end":{"line":150,"column":12}},"loc":{"start":{"line":150,"column":25},"end":{"line":153,"column":5}}},"10":{"name":"(anonymous_27)","decl":{"start":{"line":154,"column":10},"end":{"line":154,"column":11}},"loc":{"start":{"line":154,"column":16},"end":{"line":161,"column":5}}},"11":{"name":"(anonymous_28)","decl":{"start":{"line":163,"column":17},"end":{"line":163,"column":18}},"loc":{"start":{"line":163,"column":25},"end":{"line":225,"column":3}}},"12":{"name":"(anonymous_29)","decl":{"start":{"line":165,"column":37},"end":{"line":165,"column":38}},"loc":{"start":{"line":165,"column":43},"end":{"line":169,"column":7}}},"13":{"name":"(anonymous_30)","decl":{"start":{"line":170,"column":39},"end":{"line":170,"column":40}},"loc":{"start":{"line":170,"column":53},"end":{"line":174,"column":7}}},"14":{"name":"(anonymous_31)","decl":{"start":{"line":175,"column":38},"end":{"line":175,"column":39}},"loc":{"start":{"line":175,"column":52},"end":{"line":179,"column":7}}},"15":{"name":"(anonymous_32)","decl":{"start":{"line":180,"column":34},"end":{"line":180,"column":35}},"loc":{"start":{"line":180,"column":40},"end":{"line":184,"column":7}}},"16":{"name":"(anonymous_33)","decl":{"start":{"line":185,"column":36},"end":{"line":185,"column":37}},"loc":{"start":{"line":185,"column":50},"end":{"line":189,"column":7}}},"17":{"name":"(anonymous_34)","decl":{"start":{"line":190,"column":35},"end":{"line":190,"column":36}},"loc":{"start":{"line":190,"column":49},"end":{"line":194,"column":7}}},"18":{"name":"(anonymous_35)","decl":{"start":{"line":195,"column":35},"end":{"line":195,"column":36}},"loc":{"start":{"line":195,"column":41},"end":{"line":198,"column":7}}},"19":{"name":"(anonymous_36)","decl":{"start":{"line":199,"column":37},"end":{"line":199,"column":38}},"loc":{"start":{"line":199,"column":51},"end":{"line":203,"column":7}}},"20":{"name":"(anonymous_37)","decl":{"start":{"line":204,"column":36},"end":{"line":204,"column":37}},"loc":{"start":{"line":204,"column":50},"end":{"line":208,"column":7}}},"21":{"name":"(anonymous_38)","decl":{"start":{"line":209,"column":34},"end":{"line":209,"column":35}},"loc":{"start":{"line":209,"column":40},"end":{"line":213,"column":7}}},"22":{"name":"(anonymous_39)","decl":{"start":{"line":214,"column":36},"end":{"line":214,"column":37}},"loc":{"start":{"line":214,"column":50},"end":{"line":218,"column":7}}},"23":{"name":"(anonymous_40)","decl":{"start":{"line":219,"column":35},"end":{"line":219,"column":36}},"loc":{"start":{"line":219,"column":49},"end":{"line":224,"column":7}}}},"branchMap":{"0":{"loc":{"start":{"line":105,"column":25},"end":{"line":105,"column":67}},"type":"cond-expr","locations":[{"start":{"line":105,"column":39},"end":{"line":105,"column":62}},{"start":{"line":105,"column":65},"end":{"line":105,"column":67}}]},"1":{"loc":{"start":{"line":121,"column":4},"end":{"line":129,"column":5}},"type":"if","locations":[{"start":{"line":121,"column":4},"end":{"line":129,"column":5}}]},"2":{"loc":{"start":{"line":122,"column":6},"end":{"line":125,"column":24}},"type":"binary-expr","locations":[{"start":{"line":122,"column":6},"end":{"line":122,"column":18}},{"start":{"line":123,"column":6},"end":{"line":123,"column":33}},{"start":{"line":124,"column":6},"end":{"line":124,"column":28}},{"start":{"line":125,"column":6},"end":{"line":125,"column":24}}]}},"s":{"0":6,"1":6,"2":6,"3":6,"4":6,"5":3,"6":3,"7":3,"8":3,"9":6,"10":3,"11":3,"12":3,"13":2,"14":2,"15":1,"16":6,"17":2,"18":2,"19":2,"20":1,"21":1,"22":1,"23":6,"24":2,"25":2,"26":2,"27":2,"28":1,"29":1,"30":6,"31":5,"32":5,"33":5,"34":2,"35":3,"36":3,"37":1,"38":2,"39":2,"40":6,"41":1,"42":1,"43":1,"44":1,"45":1,"46":1,"47":1,"48":1,"49":2,"50":1,"51":1,"52":1,"53":1,"54":1,"55":1,"56":1,"57":1,"58":1,"59":1,"60":1,"61":1,"62":1,"63":1,"64":1,"65":1,"66":1,"67":1,"68":1,"69":1,"70":1,"71":1,"72":1,"73":1,"74":1,"75":1,"76":1,"77":1,"78":1,"79":1,"80":1,"81":1,"82":1,"83":1,"84":1,"85":1,"86":6,"87":6},"f":{"0":3,"1":3,"2":3,"3":2,"4":2,"5":2,"6":2,"7":5,"8":5,"9":1,"10":1,"11":2,"12":1,"13":1,"14":1,"15":1,"16":1,"17":1,"18":1,"19":1,"20":1,"21":1,"22":1,"23":1},"b":{"0":[0,2],"1":[2],"2":[5,3,3,3]}}
,"D:\\Web\\dev\\stellar-burgers\\src\\services\\rootReducer.ts": {"path":"D:\\Web\\dev\\stellar-burgers\\src\\services\\rootReducer.ts","statementMap":{"0":{"start":{"line":1,"column":0},"end":{"line":1,"column":51}},"1":{"start":{"line":2,"column":0},"end":{"line":2,"column":74}},"2":{"start":{"line":3,"column":0},"end":{"line":3,"column":53}},"3":{"start":{"line":4,"column":0},"end":{"line":4,"column":53}},"4":{"start":{"line":5,"column":0},"end":{"line":5,"column":80}},"5":{"start":{"line":6,"column":0},"end":{"line":6,"column":89}},"6":{"start":{"line":7,"column":0},"end":{"line":7,"column":56}},"7":{"start":{"line":9,"column":13},"end":{"line":16,"column":3}}},"fnMap":{},"branchMap":{},"s":{"0":1,"1":1,"2":1,"3":1,"4":1,"5":1,"6":1,"7":1},"f":{},"b":{}}
,"D:\\Web\\dev\\stellar-burgers\\src\\utils\\burger-api.ts": {"path":"D:\\Web\\dev\\stellar-burgers\\src\\utils\\burger-api.ts","statementMap":{"0":{"start":{"line":1,"column":0},"end":{"line":1,"column":48}},"1":{"start":{"line":5,"column":2},"end":{"line":5,"column":73}},"2":{"start":{"line":7,"column":22},"end":{"line":8,"column":5}},"3":{"start":{"line":8,"column":2},"end":{"line":8,"column":70}},"4":{"start":{"line":8,"column":49},"end":{"line":8,"column":69}},"5":{"start":{"line":21,"column":28},"end":{"line":22,"column":7}},"6":{"start":{"line":22,"column":2},"end":{"line":39,"column":7}},"7":{"start":{"line":31,"column":19},"end":{"line":31,"column":56}},"8":{"start":{"line":33,"column":6},"end":{"line":35,"column":7}},"9":{"start":{"line":34,"column":8},"end":{"line":34,"column":43}},"10":{"start":{"line":36,"column":6},"end":{"line":36,"column":69}},"11":{"start":{"line":37,"column":6},"end":{"line":37,"column":56}},"12":{"start":{"line":38,"column":6},"end":{"line":38,"column":25}},"13":{"start":{"line":21,"column":13},"end":{"line":21,"column":28}},"14":{"start":{"line":41,"column":32},"end":{"line":62,"column":2}},"15":{"start":{"line":43,"column":22},"end":{"line":62,"column":2}},"16":{"start":{"line":46,"column":16},"end":{"line":46,"column":null}},"17":{"start":{"line":46,"column":10},"end":{"line":46,"column":null}},"18":{"start":{"line":47,"column":11},"end":{"line":47,"column":39}},"19":{"start":{"line":47,"column":4},"end":{"line":47,"column":39}},"20":{"start":{"line":49,"column":8},"end":{"line":49,"column":9}},"21":{"start":{"line":50,"column":26},"end":{"line":50,"column":null}},"22":{"start":{"line":50,"column":12},"end":{"line":50,"column":null}},"23":{"start":{"line":51,"column":6},"end":{"line":55,"column":7}},"24":{"start":{"line":53,"column":9},"end":{"line":54,"column":46}},"25":{"start":{"line":56,"column":18},"end":{"line":56,"column":null}},"26":{"start":{"line":56,"column":12},"end":{"line":56,"column":null}},"27":{"start":{"line":57,"column":13},"end":{"line":57,"column":41}},"28":{"start":{"line":57,"column":6},"end":{"line":57,"column":41}},"29":{"start":{"line":59,"column":6},"end":{"line":59,"column":33}},"30":{"start":{"line":41,"column":13},"end":{"line":41,"column":32}},"31":{"start":{"line":78,"column":33},"end":{"line":79,"column":7}},"32":{"start":{"line":79,"column":2},"end":{"line":84,"column":7}},"33":{"start":{"line":80,"column":19},"end":{"line":80,"column":60}},"34":{"start":{"line":82,"column":6},"end":{"line":82,"column":42}},"35":{"start":{"line":82,"column":25},"end":{"line":82,"column":42}},"36":{"start":{"line":83,"column":6},"end":{"line":83,"column":34}},"37":{"start":{"line":78,"column":13},"end":{"line":78,"column":33}},"38":{"start":{"line":86,"column":27},"end":{"line":87,"column":7}},"39":{"start":{"line":87,"column":2},"end":{"line":92,"column":7}},"40":{"start":{"line":88,"column":19},"end":{"line":88,"column":54}},"41":{"start":{"line":90,"column":6},"end":{"line":90,"column":37}},"42":{"start":{"line":90,"column":25},"end":{"line":90,"column":37}},"43":{"start":{"line":91,"column":6},"end":{"line":91,"column":34}},"44":{"start":{"line":86,"column":13},"end":{"line":86,"column":27}},"45":{"start":{"line":94,"column":28},"end":{"line":95,"column":18}},"46":{"start":{"line":95,"column":2},"end":{"line":104,"column":5}},"47":{"start":{"line":102,"column":4},"end":{"line":102,"column":42}},"48":{"start":{"line":102,"column":23},"end":{"line":102,"column":42}},"49":{"start":{"line":103,"column":4},"end":{"line":103,"column":32}},"50":{"start":{"line":94,"column":13},"end":{"line":94,"column":28}},"51":{"start":{"line":111,"column":30},"end":{"line":112,"column":18}},"52":{"start":{"line":112,"column":2},"end":{"line":124,"column":5}},"53":{"start":{"line":122,"column":4},"end":{"line":122,"column":35}},"54":{"start":{"line":122,"column":23},"end":{"line":122,"column":35}},"55":{"start":{"line":123,"column":4},"end":{"line":123,"column":32}},"56":{"start":{"line":111,"column":13},"end":{"line":111,"column":30}},"57":{"start":{"line":130,"column":35},"end":{"line":131,"column":7}},"58":{"start":{"line":131,"column":2},"end":{"line":136,"column":55}},"59":{"start":{"line":136,"column":19},"end":{"line":136,"column":54}},"60":{"start":{"line":130,"column":13},"end":{"line":130,"column":35}},"61":{"start":{"line":150,"column":31},"end":{"line":151,"column":7}},"62":{"start":{"line":151,"column":2},"end":{"line":162,"column":7}},"63":{"start":{"line":158,"column":19},"end":{"line":158,"column":53}},"64":{"start":{"line":160,"column":6},"end":{"line":160,"column":37}},"65":{"start":{"line":160,"column":25},"end":{"line":160,"column":37}},"66":{"start":{"line":161,"column":6},"end":{"line":161,"column":34}},"67":{"start":{"line":150,"column":13},"end":{"line":150,"column":31}},"68":{"start":{"line":169,"column":28},"end":{"line":170,"column":7}},"69":{"start":{"line":170,"column":2},"end":{"line":181,"column":7}},"70":{"start":{"line":177,"column":19},"end":{"line":177,"column":53}},"71":{"start":{"line":179,"column":6},"end":{"line":179,"column":37}},"72":{"start":{"line":179,"column":25},"end":{"line":179,"column":37}},"73":{"start":{"line":180,"column":6},"end":{"line":180,"column":34}},"74":{"start":{"line":169,"column":13},"end":{"line":169,"column":28}},"75":{"start":{"line":183,"column":33},"end":{"line":184,"column":7}},"76":{"start":{"line":184,"column":2},"end":{"line":195,"column":7}},"77":{"start":{"line":191,"column":19},"end":{"line":191,"column":59}},"78":{"start":{"line":193,"column":6},"end":{"line":193,"column":37}},"79":{"start":{"line":193,"column":25},"end":{"line":193,"column":37}},"80":{"start":{"line":194,"column":6},"end":{"line":194,"column":34}},"81":{"start":{"line":183,"column":13},"end":{"line":183,"column":33}},"82":{"start":{"line":197,"column":32},"end":{"line":198,"column":7}},"83":{"start":{"line":198,"column":2},"end":{"line":209,"column":7}},"84":{"start":{"line":205,"column":19},"end":{"line":205,"column":59}},"85":{"start":{"line":207,"column":6},"end":{"line":207,"column":37}},"86":{"start":{"line":207,"column":25},"end":{"line":207,"column":37}},"87":{"start":{"line":208,"column":6},"end":{"line":208,"column":34}},"88":{"start":{"line":197,"column":13},"end":{"line":197,"column":32}},"89":{"start":{"line":213,"column":26},"end":{"line":214,"column":18}},"90":{"start":{"line":214,"column":2},"end":{"line":218,"column":5}},"91":{"start":{"line":213,"column":13},"end":{"line":213,"column":26}},"92":{"start":{"line":220,"column":29},"end":{"line":221,"column":18}},"93":{"start":{"line":221,"column":2},"end":{"line":228,"column":5}},"94":{"start":{"line":220,"column":13},"end":{"line":220,"column":29}},"95":{"start":{"line":230,"column":25},"end":{"line":231,"column":7}},"96":{"start":{"line":231,"column":2},"end":{"line":239,"column":60}},"97":{"start":{"line":239,"column":19},"end":{"line":239,"column":59}},"98":{"start":{"line":230,"column":13},"end":{"line":230,"column":25}}},"fnMap":{"0":{"name":"(anonymous_13)","decl":{"start":{"line":7,"column":22},"end":{"line":7,"column":26}},"loc":{"start":{"line":7,"column":39},"end":{"line":8,"column":5}}},"1":{"name":"(anonymous_14)","decl":{"start":{"line":8,"column":40},"end":{"line":8,"column":41}},"loc":{"start":{"line":8,"column":44},"end":{"line":8,"column":56}}},"2":{"name":"(anonymous_15)","decl":{"start":{"line":21,"column":28},"end":{"line":21,"column":null}},"loc":{"start":{"line":21,"column":28},"end":{"line":22,"column":7}}},"3":{"name":"(anonymous_16)","decl":{"start":{"line":31,"column":10},"end":{"line":31,"column":11}},"loc":{"start":{"line":31,"column":14},"end":{"line":31,"column":32}}},"4":{"name":"(anonymous_17)","decl":{"start":{"line":32,"column":10},"end":{"line":32,"column":11}},"loc":{"start":{"line":32,"column":22},"end":{"line":39,"column":5}}},"5":{"name":"(anonymous_18)","decl":{"start":{"line":41,"column":32},"end":{"line":41,"column":null}},"loc":{"start":{"line":43,"column":22},"end":{"line":62,"column":2}}},"6":{"name":"(anonymous_19)","decl":{"start":{"line":43,"column":22},"end":{"line":43,"column":null}},"loc":{"start":{"line":43,"column":22},"end":{"line":62,"column":2}}},"7":{"name":"(anonymous_21)","decl":{"start":{"line":78,"column":33},"end":{"line":78,"column":null}},"loc":{"start":{"line":78,"column":33},"end":{"line":79,"column":7}}},"8":{"name":"(anonymous_22)","decl":{"start":{"line":80,"column":10},"end":{"line":80,"column":11}},"loc":{"start":{"line":80,"column":14},"end":{"line":80,"column":32}}},"9":{"name":"(anonymous_23)","decl":{"start":{"line":81,"column":10},"end":{"line":81,"column":11}},"loc":{"start":{"line":81,"column":15},"end":{"line":84,"column":5}}},"10":{"name":"(anonymous_24)","decl":{"start":{"line":86,"column":27},"end":{"line":86,"column":null}},"loc":{"start":{"line":86,"column":27},"end":{"line":87,"column":7}}},"11":{"name":"(anonymous_25)","decl":{"start":{"line":88,"column":10},"end":{"line":88,"column":11}},"loc":{"start":{"line":88,"column":14},"end":{"line":88,"column":32}}},"12":{"name":"(anonymous_26)","decl":{"start":{"line":89,"column":10},"end":{"line":89,"column":11}},"loc":{"start":{"line":89,"column":15},"end":{"line":92,"column":5}}},"13":{"name":"(anonymous_27)","decl":{"start":{"line":94,"column":28},"end":{"line":94,"column":null}},"loc":{"start":{"line":94,"column":28},"end":{"line":95,"column":18}}},"14":{"name":"(anonymous_28)","decl":{"start":{"line":101,"column":10},"end":{"line":101,"column":11}},"loc":{"start":{"line":101,"column":15},"end":{"line":104,"column":3}}},"15":{"name":"(anonymous_29)","decl":{"start":{"line":111,"column":30},"end":{"line":111,"column":31}},"loc":{"start":{"line":111,"column":45},"end":{"line":112,"column":18}}},"16":{"name":"(anonymous_30)","decl":{"start":{"line":121,"column":10},"end":{"line":121,"column":11}},"loc":{"start":{"line":121,"column":15},"end":{"line":124,"column":3}}},"17":{"name":"(anonymous_31)","decl":{"start":{"line":130,"column":35},"end":{"line":130,"column":36}},"loc":{"start":{"line":130,"column":50},"end":{"line":131,"column":7}}},"18":{"name":"(anonymous_32)","decl":{"start":{"line":136,"column":10},"end":{"line":136,"column":11}},"loc":{"start":{"line":136,"column":14},"end":{"line":136,"column":32}}},"19":{"name":"(anonymous_33)","decl":{"start":{"line":150,"column":31},"end":{"line":150,"column":32}},"loc":{"start":{"line":150,"column":51},"end":{"line":151,"column":7}}},"20":{"name":"(anonymous_34)","decl":{"start":{"line":158,"column":10},"end":{"line":158,"column":11}},"loc":{"start":{"line":158,"column":14},"end":{"line":158,"column":32}}},"21":{"name":"(anonymous_35)","decl":{"start":{"line":159,"column":10},"end":{"line":159,"column":11}},"loc":{"start":{"line":159,"column":15},"end":{"line":162,"column":5}}},"22":{"name":"(anonymous_36)","decl":{"start":{"line":169,"column":28},"end":{"line":169,"column":29}},"loc":{"start":{"line":169,"column":45},"end":{"line":170,"column":7}}},"23":{"name":"(anonymous_37)","decl":{"start":{"line":177,"column":10},"end":{"line":177,"column":11}},"loc":{"start":{"line":177,"column":14},"end":{"line":177,"column":32}}},"24":{"name":"(anonymous_38)","decl":{"start":{"line":178,"column":10},"end":{"line":178,"column":11}},"loc":{"start":{"line":178,"column":15},"end":{"line":181,"column":5}}},"25":{"name":"(anonymous_39)","decl":{"start":{"line":183,"column":33},"end":{"line":183,"column":34}},"loc":{"start":{"line":183,"column":57},"end":{"line":184,"column":7}}},"26":{"name":"(anonymous_40)","decl":{"start":{"line":191,"column":10},"end":{"line":191,"column":11}},"loc":{"start":{"line":191,"column":14},"end":{"line":191,"column":32}}},"27":{"name":"(anonymous_41)","decl":{"start":{"line":192,"column":10},"end":{"line":192,"column":11}},"loc":{"start":{"line":192,"column":15},"end":{"line":195,"column":5}}},"28":{"name":"(anonymous_42)","decl":{"start":{"line":197,"column":32},"end":{"line":197,"column":33}},"loc":{"start":{"line":197,"column":74},"end":{"line":198,"column":7}}},"29":{"name":"(anonymous_43)","decl":{"start":{"line":205,"column":10},"end":{"line":205,"column":11}},"loc":{"start":{"line":205,"column":14},"end":{"line":205,"column":32}}},"30":{"name":"(anonymous_44)","decl":{"start":{"line":206,"column":10},"end":{"line":206,"column":11}},"loc":{"start":{"line":206,"column":15},"end":{"line":209,"column":5}}},"31":{"name":"(anonymous_45)","decl":{"start":{"line":213,"column":26},"end":{"line":213,"column":null}},"loc":{"start":{"line":213,"column":26},"end":{"line":214,"column":18}}},"32":{"name":"(anonymous_46)","decl":{"start":{"line":220,"column":29},"end":{"line":220,"column":30}},"loc":{"start":{"line":220,"column":58},"end":{"line":221,"column":18}}},"33":{"name":"(anonymous_47)","decl":{"start":{"line":230,"column":25},"end":{"line":230,"column":null}},"loc":{"start":{"line":230,"column":25},"end":{"line":231,"column":7}}},"34":{"name":"(anonymous_48)","decl":{"start":{"line":239,"column":10},"end":{"line":239,"column":11}},"loc":{"start":{"line":239,"column":14},"end":{"line":239,"column":32}}}},"branchMap":{"0":{"loc":{"start":{"line":5,"column":2},"end":{"line":5,"column":73}},"type":"binary-expr","locations":[{"start":{"line":5,"column":2},"end":{"line":5,"column":28}},{"start":{"line":5,"column":32},"end":{"line":5,"column":73}}]},"1":{"loc":{"start":{"line":8,"column":2},"end":{"line":8,"column":69}},"type":"cond-expr","locations":[{"start":{"line":8,"column":11},"end":{"line":8,"column":21}},{"start":{"line":8,"column":24},"end":{"line":8,"column":69}}]},"2":{"loc":{"start":{"line":33,"column":6},"end":{"line":35,"column":7}},"type":"if","locations":[{"start":{"line":33,"column":6},"end":{"line":35,"column":7}}]},"3":{"loc":{"start":{"line":47,"column":4},"end":{"line":47,"column":39}},"type":"switch","locations":[{"start":{"line":47,"column":4},"end":{"line":47,"column":39}},{"start":{"line":57,"column":6},"end":{"line":57,"column":41}},{"start":{"line":59,"column":6},"end":{"line":59,"column":33}}]},"4":{"loc":{"start":{"line":49,"column":8},"end":{"line":49,"column":9}},"type":"if","locations":[{"start":{"line":49,"column":8},"end":{"line":49,"column":9}}]},"5":{"loc":{"start":{"line":51,"column":6},"end":{"line":55,"column":7}},"type":"if","locations":[{"start":{"line":51,"column":6},"end":{"line":55,"column":7}}]},"6":{"loc":{"start":{"line":82,"column":6},"end":{"line":82,"column":42}},"type":"if","locations":[{"start":{"line":82,"column":6},"end":{"line":82,"column":42}}]},"7":{"loc":{"start":{"line":82,"column":10},"end":{"line":82,"column":23}},"type":"cond-expr","locations":[{"start":{"line":82,"column":14},"end":{"line":82,"column":16}},{"start":{"line":82,"column":10},"end":{"line":82,"column":23}}]},"8":{"loc":{"start":{"line":82,"column":10},"end":{"line":82,"column":16}},"type":"binary-expr","locations":[{"start":{"line":82,"column":10},"end":{"line":82,"column":16}},{"start":{"line":82,"column":10},"end":{"line":82,"column":16}}]},"9":{"loc":{"start":{"line":90,"column":6},"end":{"line":90,"column":37}},"type":"if","locations":[{"start":{"line":90,"column":6},"end":{"line":90,"column":37}}]},"10":{"loc":{"start":{"line":90,"column":10},"end":{"line":90,"column":23}},"type":"cond-expr","locations":[{"start":{"line":90,"column":14},"end":{"line":90,"column":16}},{"start":{"line":90,"column":10},"end":{"line":90,"column":23}}]},"11":{"loc":{"start":{"line":90,"column":10},"end":{"line":90,"column":16}},"type":"binary-expr","locations":[{"start":{"line":90,"column":10},"end":{"line":90,"column":16}},{"start":{"line":90,"column":10},"end":{"line":90,"column":16}}]},"12":{"loc":{"start":{"line":99,"column":31},"end":{"line":99,"column":61}},"type":"binary-expr","locations":[{"start":{"line":99,"column":31},"end":{"line":99,"column":55}},{"start":{"line":99,"column":59},"end":{"line":99,"column":61}}]},"13":{"loc":{"start":{"line":102,"column":4},"end":{"line":102,"column":42}},"type":"if","locations":[{"start":{"line":102,"column":4},"end":{"line":102,"column":42}}]},"14":{"loc":{"start":{"line":102,"column":8},"end":{"line":102,"column":21}},"type":"cond-expr","locations":[{"start":{"line":102,"column":12},"end":{"line":102,"column":14}},{"start":{"line":102,"column":8},"end":{"line":102,"column":21}}]},"15":{"loc":{"start":{"line":102,"column":8},"end":{"line":102,"column":14}},"type":"binary-expr","locations":[{"start":{"line":102,"column":8},"end":{"line":102,"column":14}},{"start":{"line":102,"column":8},"end":{"line":102,"column":14}}]},"16":{"loc":{"start":{"line":116,"column":31},"end":{"line":116,"column":61}},"type":"binary-expr","locations":[{"start":{"line":116,"column":31},"end":{"line":116,"column":55}},{"start":{"line":116,"column":59},"end":{"line":116,"column":61}}]},"17":{"loc":{"start":{"line":122,"column":4},"end":{"line":122,"column":35}},"type":"if","locations":[{"start":{"line":122,"column":4},"end":{"line":122,"column":35}}]},"18":{"loc":{"start":{"line":122,"column":8},"end":{"line":122,"column":21}},"type":"cond-expr","locations":[{"start":{"line":122,"column":12},"end":{"line":122,"column":14}},{"start":{"line":122,"column":8},"end":{"line":122,"column":21}}]},"19":{"loc":{"start":{"line":122,"column":8},"end":{"line":122,"column":14}},"type":"binary-expr","locations":[{"start":{"line":122,"column":8},"end":{"line":122,"column":14}},{"start":{"line":122,"column":8},"end":{"line":122,"column":14}}]},"20":{"loc":{"start":{"line":160,"column":6},"end":{"line":160,"column":37}},"type":"if","locations":[{"start":{"line":160,"column":6},"end":{"line":160,"column":37}}]},"21":{"loc":{"start":{"line":160,"column":10},"end":{"line":160,"column":23}},"type":"cond-expr","locations":[{"start":{"line":160,"column":14},"end":{"line":160,"column":16}},{"start":{"line":160,"column":10},"end":{"line":160,"column":23}}]},"22":{"loc":{"start":{"line":160,"column":10},"end":{"line":160,"column":16}},"type":"binary-expr","locations":[{"start":{"line":160,"column":10},"end":{"line":160,"column":16}},{"start":{"line":160,"column":10},"end":{"line":160,"column":16}}]},"23":{"loc":{"start":{"line":179,"column":6},"end":{"line":179,"column":37}},"type":"if","locations":[{"start":{"line":179,"column":6},"end":{"line":179,"column":37}}]},"24":{"loc":{"start":{"line":179,"column":10},"end":{"line":179,"column":23}},"type":"cond-expr","locations":[{"start":{"line":179,"column":14},"end":{"line":179,"column":16}},{"start":{"line":179,"column":10},"end":{"line":179,"column":23}}]},"25":{"loc":{"start":{"line":179,"column":10},"end":{"line":179,"column":16}},"type":"binary-expr","locations":[{"start":{"line":179,"column":10},"end":{"line":179,"column":16}},{"start":{"line":179,"column":10},"end":{"line":179,"column":16}}]},"26":{"loc":{"start":{"line":193,"column":6},"end":{"line":193,"column":37}},"type":"if","locations":[{"start":{"line":193,"column":6},"end":{"line":193,"column":37}}]},"27":{"loc":{"start":{"line":193,"column":10},"end":{"line":193,"column":23}},"type":"cond-expr","locations":[{"start":{"line":193,"column":14},"end":{"line":193,"column":16}},{"start":{"line":193,"column":10},"end":{"line":193,"column":23}}]},"28":{"loc":{"start":{"line":193,"column":10},"end":{"line":193,"column":16}},"type":"binary-expr","locations":[{"start":{"line":193,"column":10},"end":{"line":193,"column":16}},{"start":{"line":193,"column":10},"end":{"line":193,"column":16}}]},"29":{"loc":{"start":{"line":207,"column":6},"end":{"line":207,"column":37}},"type":"if","locations":[{"start":{"line":207,"column":6},"end":{"line":207,"column":37}}]},"30":{"loc":{"start":{"line":207,"column":10},"end":{"line":207,"column":23}},"type":"cond-expr","locations":[{"start":{"line":207,"column":14},"end":{"line":207,"column":16}},{"start":{"line":207,"column":10},"end":{"line":207,"column":23}}]},"31":{"loc":{"start":{"line":207,"column":10},"end":{"line":207,"column":16}},"type":"binary-expr","locations":[{"start":{"line":207,"column":10},"end":{"line":207,"column":16}},{"start":{"line":207,"column":10},"end":{"line":207,"column":16}}]},"32":{"loc":{"start":{"line":216,"column":31},"end":{"line":216,"column":61}},"type":"binary-expr","locations":[{"start":{"line":216,"column":31},"end":{"line":216,"column":55}},{"start":{"line":216,"column":59},"end":{"line":216,"column":61}}]},"33":{"loc":{"start":{"line":225,"column":31},"end":{"line":225,"column":61}},"type":"binary-expr","locations":[{"start":{"line":225,"column":31},"end":{"line":225,"column":55}},{"start":{"line":225,"column":59},"end":{"line":225,"column":61}}]}},"s":{"0":4,"1":4,"2":4,"3":25,"4":6,"5":4,"6":4,"7":4,"8":4,"9":2,"10":2,"11":2,"12":2,"13":4,"14":4,"15":4,"16":4,"17":4,"18":4,"19":4,"20":4,"21":2,"22":2,"23":1,"24":1,"25":1,"26":1,"27":1,"28":1,"29":1,"30":4,"31":4,"32":2,"33":2,"34":1,"35":1,"36":0,"37":4,"38":4,"39":2,"40":2,"41":2,"42":1,"43":1,"44":4,"45":4,"46":2,"47":2,"48":1,"49":1,"50":4,"51":4,"52":2,"53":2,"54":1,"55":1,"56":4,"57":4,"58":2,"59":2,"60":4,"61":4,"62":2,"63":2,"64":2,"65":1,"66":1,"67":4,"68":4,"69":2,"70":2,"71":2,"72":1,"73":1,"74":4,"75":4,"76":2,"77":2,"78":2,"79":1,"80":1,"81":4,"82":4,"83":2,"84":2,"85":2,"86":1,"87":1,"88":4,"89":4,"90":1,"91":4,"92":4,"93":1,"94":4,"95":4,"96":2,"97":2,"98":4},"f":{"0":25,"1":6,"2":4,"3":4,"4":4,"5":4,"6":4,"7":2,"8":2,"9":1,"10":2,"11":2,"12":2,"13":2,"14":2,"15":2,"16":2,"17":2,"18":2,"19":2,"20":2,"21":2,"22":2,"23":2,"24":2,"25":2,"26":2,"27":2,"28":2,"29":2,"30":2,"31":1,"32":1,"33":2,"34":2},"b":{"0":[4,4],"1":[19,6],"2":[2],"3":[4,1,1],"4":[1],"5":[1],"6":[1],"7":[0,1],"8":[1,1],"9":[1],"10":[0,2],"11":[2,2],"12":[2,2],"13":[1],"14":[0,2],"15":[2,2],"16":[2,0],"17":[1],"18":[0,2],"19":[2,2],"20":[1],"21":[0,2],"22":[2,2],"23":[1],"24":[0,2],"25":[2,2],"26":[1],"27":[0,2],"28":[2,2],"29":[1],"30":[0,2],"31":[2,2],"32":[1,0],"33":[1,0]}}
,"D:\\Web\\dev\\stellar-burgers\\src\\utils\\cookie.ts": {"path":"D:\\Web\\dev\\stellar-burgers\\src\\utils\\cookie.ts","statementMap":{"0":{"start":{"line":2,"column":18},"end":{"line":8,"column":null}},"1":{"start":{"line":10,"column":2},"end":{"line":10,"column":62}},"2":{"start":{"line":1,"column":0},"end":{"line":1,"column":16}},"3":{"start":{"line":16,"column":2},"end":{"line":16,"column":null}},"4":{"start":{"line":18,"column":2},"end":{"line":21,"column":4}},"5":{"start":{"line":23,"column":12},"end":{"line":23,"column":25}},"6":{"start":{"line":24,"column":2},"end":{"line":28,"column":3}},"7":{"start":{"line":25,"column":14},"end":{"line":25,"column":24}},"8":{"start":{"line":26,"column":4},"end":{"line":26,"column":40}},"9":{"start":{"line":27,"column":4},"end":{"line":27,"column":28}},"10":{"start":{"line":30,"column":2},"end":{"line":32,"column":3}},"11":{"start":{"line":31,"column":4},"end":{"line":31,"column":38}},"12":{"start":{"line":33,"column":2},"end":{"line":33,"column":36}},"13":{"start":{"line":34,"column":22},"end":{"line":34,"column":40}},"14":{"start":{"line":35,"column":2},"end":{"line":41,"column":3}},"15":{"start":{"line":36,"column":4},"end":{"line":36,"column":37}},"16":{"start":{"line":37,"column":22},"end":{"line":37,"column":37}},"17":{"start":{"line":38,"column":4},"end":{"line":40,"column":5}},"18":{"start":{"line":39,"column":6},"end":{"line":39,"column":39}},"19":{"start":{"line":42,"column":2},"end":{"line":42,"column":34}},"20":{"start":{"line":13,"column":0},"end":{"line":13,"column":16}},"21":{"start":{"line":46,"column":2},"end":{"line":46,"column":39}},"22":{"start":{"line":45,"column":0},"end":{"line":45,"column":16}}},"fnMap":{"0":{"name":"getCookie","decl":{"start":{"line":1,"column":16},"end":{"line":1,"column":25}},"loc":{"start":{"line":1,"column":38},"end":{"line":11,"column":1}}},"1":{"name":"setCookie","decl":{"start":{"line":13,"column":16},"end":{"line":13,"column":25}},"loc":{"start":{"line":16,"column":65},"end":{"line":43,"column":1}}},"2":{"name":"deleteCookie","decl":{"start":{"line":45,"column":16},"end":{"line":45,"column":28}},"loc":{"start":{"line":45,"column":41},"end":{"line":47,"column":1}}}},"branchMap":{"0":{"loc":{"start":{"line":10,"column":9},"end":{"line":10,"column":61}},"type":"cond-expr","locations":[{"start":{"line":10,"column":19},"end":{"line":10,"column":49}},{"start":{"line":10,"column":52},"end":{"line":10,"column":61}}]},"1":{"loc":{"start":{"line":16,"column":2},"end":{"line":16,"column":null}},"type":"if","locations":[{"start":{"line":16,"column":2},"end":{"line":16,"column":null}}]},"2":{"loc":{"start":{"line":24,"column":2},"end":{"line":28,"column":3}},"type":"if","locations":[{"start":{"line":24,"column":2},"end":{"line":28,"column":3}}]},"3":{"loc":{"start":{"line":24,"column":6},"end":{"line":24,"column":36}},"type":"binary-expr","locations":[{"start":{"line":24,"column":6},"end":{"line":24,"column":9}},{"start":{"line":24,"column":13},"end":{"line":24,"column":36}}]},"4":{"loc":{"start":{"line":30,"column":2},"end":{"line":32,"column":3}},"type":"if","locations":[{"start":{"line":30,"column":2},"end":{"line":32,"column":3}}]},"5":{"loc":{"start":{"line":30,"column":6},"end":{"line":30,"column":32}},"type":"binary-expr","locations":[{"start":{"line":30,"column":6},"end":{"line":30,"column":9}},{"start":{"line":30,"column":13},"end":{"line":30,"column":32}}]},"6":{"loc":{"start":{"line":38,"column":4},"end":{"line":40,"column":5}},"type":"if","locations":[{"start":{"line":38,"column":4},"end":{"line":40,"column":5}}]}},"s":{"0":3,"1":3,"2":4,"3":3,"4":3,"5":3,"6":3,"7":2,"8":2,"9":2,"10":3,"11":3,"12":3,"13":3,"14":3,"15":7,"16":7,"17":7,"18":6,"19":3,"20":4,"21":1,"22":4},"f":{"0":3,"1":3,"2":1},"b":{"0":[2,1],"1":[0],"2":[2],"3":[3,3],"4":[3],"5":[3,3],"6":[6]}}
}
