{"total": {"lines":{"total":336,"covered":331,"skipped":0,"pct":98.51},"statements":{"total":387,"covered":379,"skipped":0,"pct":97.93},"functions":{"total":104,"covered":103,"skipped":0,"pct":99.03},"branches":{"total":163,"covered":131,"skipped":0,"pct":80.36},"branchesTrue":{"total":0,"covered":0,"skipped":0,"pct":100}}
,"D:\\Web\\dev\\stellar-burgers\\src\\features\\constructorItems\\constructorItemsSlice.ts": {"lines":{"total":54,"covered":52,"skipped":0,"pct":96.29},"functions":{"total":12,"covered":12,"skipped":0,"pct":100},"statements":{"total":59,"covered":56,"skipped":0,"pct":94.91},"branches":{"total":59,"covered":49,"skipped":0,"pct":83.05}}
,"D:\\Web\\dev\\stellar-burgers\\src\\features\\feed\\feedSlice.ts": {"lines":{"total":17,"covered":17,"skipped":0,"pct":100},"functions":{"total":5,"covered":5,"skipped":0,"pct":100},"statements":{"total":21,"covered":21,"skipped":0,"pct":100},"branches":{"total":5,"covered":4,"skipped":0,"pct":80}}
,"D:\\Web\\dev\\stellar-burgers\\src\\features\\ingredients\\ingredientsSlice.ts": {"lines":{"total":36,"covered":34,"skipped":0,"pct":94.44},"functions":{"total":11,"covered":10,"skipped":0,"pct":90.9},"statements":{"total":45,"covered":41,"skipped":0,"pct":91.11},"branches":{"total":22,"covered":15,"skipped":0,"pct":68.18}}
,"D:\\Web\\dev\\stellar-burgers\\src\\features\\order\\orderSlice.ts": {"lines":{"total":24,"covered":24,"skipped":0,"pct":100},"functions":{"total":7,"covered":7,"skipped":0,"pct":100},"statements":{"total":25,"covered":25,"skipped":0,"pct":100},"branches":{"total":2,"covered":1,"skipped":0,"pct":50}}
,"D:\\Web\\dev\\stellar-burgers\\src\\features\\profileOrders\\profileOrdersSlice.ts": {"lines":{"total":19,"covered":19,"skipped":0,"pct":100},"functions":{"total":7,"covered":7,"skipped":0,"pct":100},"statements":{"total":19,"covered":19,"skipped":0,"pct":100},"branches":{"total":0,"covered":0,"skipped":0,"pct":100}}
,"D:\\Web\\dev\\stellar-burgers\\src\\features\\user\\userSlice.ts": {"lines":{"total":84,"covered":84,"skipped":0,"pct":100},"functions":{"total":24,"covered":24,"skipped":0,"pct":100},"statements":{"total":88,"covered":88,"skipped":0,"pct":100},"branches":{"total":7,"covered":6,"skipped":0,"pct":85.71}}
,"D:\\Web\\dev\\stellar-burgers\\src\\services\\rootReducer.ts": {"lines":{"total":8,"covered":8,"skipped":0,"pct":100},"functions":{"total":0,"covered":0,"skipped":0,"pct":100},"statements":{"total":8,"covered":8,"skipped":0,"pct":100},"branches":{"total":0,"covered":0,"skipped":0,"pct":100}}
,"D:\\Web\\dev\\stellar-burgers\\src\\utils\\burger-api.ts": {"lines":{"total":71,"covered":70,"skipped":0,"pct":98.59},"functions":{"total":35,"covered":35,"skipped":0,"pct":100},"statements":{"total":99,"covered":98,"skipped":0,"pct":98.98},"branches":{"total":58,"covered":47,"skipped":0,"pct":81.03}}
,"D:\\Web\\dev\\stellar-burgers\\src\\utils\\cookie.ts": {"lines":{"total":23,"covered":23,"skipped":0,"pct":100},"functions":{"total":3,"covered":3,"skipped":0,"pct":100},"statements":{"total":23,"covered":23,"skipped":0,"pct":100},"branches":{"total":10,"covered":9,"skipped":0,"pct":90}}
}
