TN:
SF:src\features\constructorItems\constructorItemsSlice.ts
FN:28,(anonymous_2)
FN:37,(anonymous_3)
FN:43,(anonymous_4)
FN:58,(anonymous_5)
FN:61,(anonymous_6)
FN:72,(anonymous_7)
FN:94,(anonymous_8)
FN:104,(anonymous_9)
FN:115,(anonymous_10)
FN:124,(anonymous_11)
FN:130,(anonymous_12)
FN:135,(anonymous_13)
FN:153,(anonymous_14)
FNF:13
FNH:13
FNDA:48,(anonymous_2)
FNDA:2,(anonymous_3)
FNDA:7,(anonymous_4)
FNDA:23,(anonymous_5)
FNDA:44,(anonymous_6)
FNDA:15,(anonymous_7)
FNDA:5,(anonymous_8)
FNDA:4,(anonymous_9)
FNDA:3,(anonymous_10)
FNDA:11,(anonymous_11)
FNDA:2,(anonymous_12)
FNDA:3,(anonymous_13)
FNDA:8,(anonymous_14)
DA:1,5
DA:18,5
DA:28,5
DA:29,48
DA:30,3
DA:31,3
DA:32,3
DA:34,0
DA:37,5
DA:38,2
DA:43,5
DA:44,7
DA:45,7
DA:46,7
DA:48,7
DA:49,7
DA:51,7
DA:52,7
DA:53,7
DA:55,7
DA:58,5
DA:59,23
DA:60,23
DA:61,44
DA:64,23
DA:68,5
DA:73,15
DA:74,15
DA:76,15
DA:78,1
DA:80,14
DA:83,14
DA:85,14
DA:89,14
DA:91,15
DA:95,5
DA:97,5
DA:98,2
DA:99,2
DA:100,1
DA:102,3
DA:103,1
DA:104,1
DA:105,4
DA:106,4
DA:108,2
DA:109,2
DA:110,2
DA:111,1
DA:112,1
DA:114,1
DA:115,1
DA:116,3
DA:117,3
DA:123,5
DA:124,11
DA:127,5
DA:131,2
DA:132,2
DA:136,3
DA:137,3
DA:138,3
DA:146,2
DA:148,1
DA:149,1
DA:150,1
DA:154,8
DA:155,8
DA:156,8
DA:162,5
DA:168,5
LF:71
LH:70
BRDA:29,0,0,45
BRDA:29,1,0,48
BRDA:29,1,1,45
BRDA:30,2,0,3
BRDA:30,3,0,3
BRDA:30,3,1,3
BRDA:32,4,0,2
BRDA:32,4,1,1
BRDA:38,5,0,2
BRDA:38,5,1,0
BRDA:44,6,0,0
BRDA:48,7,0,7
BRDA:49,8,0,1
BRDA:52,9,0,1
BRDA:53,10,0,7
BRDA:59,11,0,4
BRDA:59,11,1,19
BRDA:61,12,0,0
BRDA:61,12,1,44
BRDA:61,13,0,44
BRDA:61,13,1,44
BRDA:74,14,0,0
BRDA:76,15,0,1
BRDA:76,15,1,14
BRDA:83,16,0,14
BRDA:83,16,1,0
BRDA:86,17,0,14
BRDA:86,17,1,11
BRDA:86,17,2,3
BRDA:86,17,3,1
BRDA:86,17,4,2
BRDA:97,18,0,2
BRDA:97,18,1,3
BRDA:99,19,0,1
BRDA:99,20,0,2
BRDA:99,20,1,2
BRDA:102,21,0,1
BRDA:102,21,1,2
BRDA:108,22,0,2
BRDA:108,23,0,2
BRDA:108,23,1,2
BRDA:110,24,0,1
BRDA:110,24,1,1
BRDA:111,25,0,1
BRDA:111,26,0,1
BRDA:111,26,1,1
BRDA:114,27,0,1
BRDA:131,28,0,2
BRDA:131,28,1,0
BRDA:138,29,0,2
BRDA:139,30,0,3
BRDA:139,30,1,3
BRDA:139,30,2,3
BRDA:139,30,3,2
BRDA:139,30,4,2
BRDA:139,30,5,2
BRF:56
BRH:50
end_of_record
TN:
SF:src\features\feed\feedSlice.ts
FN:4,(anonymous_13)
FN:30,(anonymous_16)
FN:32,(anonymous_17)
FN:36,(anonymous_18)
FN:42,(anonymous_19)
FNF:5
FNH:5
FNDA:4,(anonymous_13)
FNDA:2,(anonymous_16)
FNDA:1,(anonymous_17)
FNDA:1,(anonymous_18)
FNDA:1,(anonymous_19)
DA:1,3
DA:4,3
DA:5,2
DA:6,2
DA:7,1
DA:18,3
DA:26,3
DA:31,2
DA:33,1
DA:34,1
DA:37,1
DA:38,1
DA:39,1
DA:40,1
DA:43,1
DA:44,1
DA:49,3
LF:17
LH:17
BRDA:5,0,0,2
BRDA:5,0,1,1
BRDA:6,1,0,1
BRDA:44,2,0,1
BRDA:44,2,1,0
BRF:5
BRH:4
end_of_record
TN:
SF:src\features\ingredients\ingredientsSlice.ts
FN:21,(anonymous_13)
FN:28,(anonymous_16)
FN:33,(anonymous_17)
FN:34,(anonymous_18)
FN:45,(anonymous_19)
FN:62,(anonymous_20)
FN:71,(anonymous_21)
FN:75,(anonymous_22)
FN:77,(anonymous_23)
FN:81,(anonymous_24)
FN:85,(anonymous_25)
FNF:11
FNH:10
FNDA:0,(anonymous_13)
FNDA:4,(anonymous_16)
FNDA:1,(anonymous_17)
FNDA:1,(anonymous_18)
FNDA:3,(anonymous_19)
FNDA:4,(anonymous_20)
FNDA:1,(anonymous_21)
FNDA:3,(anonymous_22)
FNDA:1,(anonymous_23)
FNDA:5,(anonymous_24)
FNDA:1,(anonymous_25)
DA:1,6
DA:2,6
DA:12,6
DA:19,6
DA:21,0
DA:24,6
DA:29,4
DA:31,4
DA:33,2
DA:34,1
DA:35,1
DA:36,1
DA:39,2
DA:41,2
DA:46,3
DA:48,3
DA:50,1
DA:52,2
DA:53,2
DA:54,2
DA:55,1
DA:57,1
DA:63,4
DA:64,4
DA:65,1
DA:67,3
DA:72,1
DA:76,3
DA:78,1
DA:79,1
DA:82,5
DA:83,5
DA:86,1
DA:87,1
DA:92,6
DA:94,6
LF:36
LH:35
BRDA:21,0,0,0
BRDA:21,0,1,0
BRDA:31,1,0,2
BRDA:31,1,1,2
BRDA:35,2,0,1
BRDA:35,3,0,0
BRDA:35,3,1,1
BRDA:35,4,0,1
BRDA:35,4,1,1
BRDA:41,5,0,2
BRDA:41,5,1,1
BRDA:48,6,0,1
BRDA:48,6,1,2
BRDA:50,7,0,1
BRDA:52,8,0,2
BRDA:52,8,1,0
BRDA:54,9,0,1
BRDA:54,9,1,1
BRDA:64,10,0,1
BRDA:64,10,1,3
BRDA:87,11,0,1
BRDA:87,11,1,0
BRF:22
BRH:17
end_of_record
TN:
SF:src\features\order\orderSlice.ts
FN:22,(anonymous_13)
FN:22,(anonymous_14)
FN:62,(anonymous_16)
FN:66,(anonymous_17)
FN:68,(anonymous_18)
FN:72,(anonymous_19)
FN:77,(anonymous_20)
FNF:7
FNH:7
FNDA:3,(anonymous_13)
FNDA:3,(anonymous_14)
FNDA:1,(anonymous_16)
FNDA:2,(anonymous_17)
FNDA:1,(anonymous_18)
FNDA:2,(anonymous_19)
FNDA:1,(anonymous_20)
DA:1,4
DA:2,4
DA:3,4
DA:4,4
DA:18,4
DA:22,3
DA:24,3
DA:27,1
DA:28,1
DA:29,1
DA:34,1
DA:37,2
DA:38,2
DA:39,1
DA:41,1
DA:43,2
DA:53,4
DA:58,4
DA:63,1
DA:67,2
DA:69,1
DA:70,1
DA:73,2
DA:75,2
DA:78,1
DA:80,1
DA:85,4
DA:86,4
LF:28
LH:28
BRDA:38,0,0,1
BRDA:38,0,1,1
BRDA:38,1,0,2
BRDA:38,1,1,1
BRDA:41,2,0,1
BRDA:41,2,1,0
BRDA:41,3,0,1
BRDA:41,3,1,1
BRDA:80,4,0,1
BRDA:80,4,1,0
BRDA:80,5,0,1
BRDA:80,5,1,1
BRF:12
BRH:10
end_of_record
TN:
SF:src\features\profileOrders\profileOrdersSlice.ts
FN:45,(anonymous_0)
FN:48,(anonymous_1)
FN:52,(anonymous_2)
FN:54,(anonymous_3)
FN:58,(anonymous_4)
FN:62,(anonymous_5)
FN:65,(anonymous_6)
FNF:7
FNH:7
FNDA:1,(anonymous_0)
FNDA:1,(anonymous_1)
FNDA:2,(anonymous_2)
FNDA:1,(anonymous_3)
FNDA:1,(anonymous_4)
FNDA:1,(anonymous_5)
FNDA:1,(anonymous_6)
DA:1,2
DA:22,2
DA:32,2
DA:33,2
DA:34,2
DA:35,2
DA:41,2
DA:46,1
DA:49,1
DA:53,2
DA:55,1
DA:56,1
DA:59,1
DA:63,1
DA:66,1
DA:67,1
DA:68,1
DA:73,2
DA:75,2
LF:19
LH:19
BRF:0
BRH:0
end_of_record
TN:
SF:src\features\user\userSlice.ts
FN:46,saveTokens
FN:55,(anonymous_14)
FN:62,(anonymous_15)
FN:62,(anonymous_16)
FN:82,(anonymous_18)
FN:82,(anonymous_19)
FN:102,(anonymous_21)
FN:102,(anonymous_22)
FN:122,(anonymous_24)
FN:122,(anonymous_25)
FN:154,(anonymous_27)
FN:158,(anonymous_28)
FN:167,(anonymous_29)
FN:169,(anonymous_30)
FN:174,(anonymous_31)
FN:179,(anonymous_32)
FN:184,(anonymous_33)
FN:189,(anonymous_34)
FN:194,(anonymous_35)
FN:199,(anonymous_36)
FN:203,(anonymous_37)
FN:208,(anonymous_38)
FN:213,(anonymous_39)
FN:218,(anonymous_40)
FN:223,(anonymous_41)
FNF:25
FNH:25
FNDA:3,saveTokens
FNDA:3,(anonymous_14)
FNDA:3,(anonymous_15)
FNDA:3,(anonymous_16)
FNDA:2,(anonymous_18)
FNDA:2,(anonymous_19)
FNDA:2,(anonymous_21)
FNDA:2,(anonymous_22)
FNDA:5,(anonymous_24)
FNDA:5,(anonymous_25)
FNDA:1,(anonymous_27)
FNDA:1,(anonymous_28)
FNDA:2,(anonymous_29)
FNDA:1,(anonymous_30)
FNDA:1,(anonymous_31)
FNDA:1,(anonymous_32)
FNDA:1,(anonymous_33)
FNDA:1,(anonymous_34)
FNDA:1,(anonymous_35)
FNDA:1,(anonymous_36)
FNDA:1,(anonymous_37)
FNDA:1,(anonymous_38)
FNDA:1,(anonymous_39)
FNDA:1,(anonymous_40)
FNDA:1,(anonymous_41)
DA:1,6
DA:2,6
DA:3,6
DA:5,6
DA:19,6
DA:47,3
DA:50,3
DA:51,3
DA:52,3
DA:55,6
DA:56,3
DA:58,6
DA:62,3
DA:64,3
DA:71,2
DA:72,2
DA:74,1
DA:78,6
DA:82,2
DA:84,2
DA:91,1
DA:92,1
DA:94,1
DA:98,6
DA:102,2
DA:104,2
DA:105,2
DA:113,1
DA:115,1
DA:120,6
DA:122,5
DA:123,5
DA:124,5
DA:131,2
DA:134,3
DA:141,1
DA:144,2
DA:145,2
DA:150,6
DA:155,1
DA:156,1
DA:159,1
DA:160,1
DA:161,1
DA:162,1
DA:163,1
DA:164,1
DA:168,2
DA:170,1
DA:171,1
DA:172,1
DA:175,1
DA:176,1
DA:177,1
DA:180,1
DA:181,1
DA:182,1
DA:185,1
DA:186,1
DA:187,1
DA:190,1
DA:191,1
DA:192,1
DA:195,1
DA:196,1
DA:197,1
DA:200,1
DA:201,1
DA:204,1
DA:205,1
DA:206,1
DA:209,1
DA:210,1
DA:211,1
DA:214,1
DA:215,1
DA:216,1
DA:219,1
DA:220,1
DA:221,1
DA:224,1
DA:225,1
DA:226,1
DA:227,1
DA:232,6
DA:233,6
LF:86
LH:86
BRDA:56,0,0,3
BRDA:56,0,1,0
BRDA:56,1,0,0
BRDA:56,1,1,0
BRDA:56,2,0,0
BRDA:56,2,1,0
BRDA:109,3,0,0
BRDA:109,3,1,2
BRDA:124,4,0,2
BRDA:125,5,0,5
BRDA:125,5,1,3
BRDA:125,5,2,3
BRDA:125,5,3,3
BRDA:181,6,0,1
BRDA:181,6,1,0
BRDA:181,7,0,1
BRDA:181,7,1,1
BRDA:196,8,0,1
BRDA:196,8,1,0
BRDA:196,9,0,1
BRDA:196,9,1,1
BRDA:210,10,0,1
BRDA:210,10,1,0
BRDA:210,11,0,1
BRDA:210,11,1,1
BRDA:225,12,0,1
BRDA:225,12,1,0
BRDA:225,13,0,1
BRDA:225,13,1,1
BRF:29
BRH:19
end_of_record
TN:
SF:src\services\rootReducer.ts
FNF:0
FNH:0
DA:1,1
DA:2,1
DA:3,1
DA:4,1
DA:5,1
DA:6,1
DA:7,1
DA:9,1
LF:8
LH:8
BRF:0
BRH:0
end_of_record
TN:
SF:src\test-utils\index.ts
FNF:0
FNH:0
DA:1,3
DA:2,3
DA:3,3
DA:4,3
LF:4
LH:4
BRF:0
BRH:0
end_of_record
TN:
SF:src\test-utils\localStorageMock.ts
FN:1,(anonymous_0)
FN:5,(anonymous_2)
FN:10,(anonymous_3)
FN:14,(anonymous_4)
FN:19,(anonymous_5)
FN:24,(anonymous_6)
FNF:6
FNH:6
FNDA:8,(anonymous_0)
FNDA:1,(anonymous_2)
FNDA:3,(anonymous_3)
FNDA:5,(anonymous_4)
FNDA:1,(anonymous_5)
FNDA:4,(anonymous_6)
DA:1,4
DA:2,4
DA:3,4
DA:5,4
DA:6,1
DA:7,1
DA:10,4
DA:11,3
DA:14,4
DA:15,5
DA:16,5
DA:19,4
DA:20,1
DA:21,1
DA:24,4
DA:25,4
DA:27,4
LF:17
LH:17
BRDA:11,0,0,1
BRDA:11,0,1,2
BRDA:25,1,0,3
BRDA:25,1,1,1
BRDA:25,2,0,4
BRDA:25,2,1,4
BRF:6
BRH:6
end_of_record
TN:
SF:src\test-utils\makeThunkDispatchMock.ts
FN:8,(anonymous_0)
FNF:1
FNH:1
FNDA:17,(anonymous_0)
DA:8,10
DA:13,17
LF:2
LH:2
BRF:0
BRH:0
end_of_record
TN:
SF:src\test-utils\factories\createIngredient.ts
FN:9,(anonymous_2)
FNF:1
FNH:1
FNDA:11,(anonymous_2)
DA:3,5
DA:9,15
DA:10,11
DA:11,11
LF:4
LH:4
BRDA:9,0,0,4
BRDA:10,1,0,7
BRDA:10,1,1,4
BRDA:10,2,0,11
BRDA:10,2,1,11
BRDA:13,3,0,0
BRDA:13,3,1,11
BRDA:13,4,0,11
BRDA:13,4,1,11
BRDA:14,5,0,7
BRDA:14,5,1,4
BRDA:14,6,0,11
BRDA:14,6,1,11
BRDA:15,7,0,0
BRDA:15,7,1,11
BRDA:15,8,0,11
BRDA:15,8,1,11
BRDA:16,9,0,0
BRDA:16,9,1,11
BRDA:16,10,0,11
BRDA:16,10,1,11
BRDA:17,11,0,0
BRDA:17,11,1,11
BRDA:17,12,0,11
BRDA:17,12,1,11
BRDA:18,13,0,0
BRDA:18,13,1,11
BRDA:18,14,0,11
BRDA:18,14,1,11
BRDA:19,15,0,7
BRDA:19,15,1,4
BRDA:19,16,0,11
BRDA:19,16,1,11
BRDA:20,17,0,0
BRDA:20,17,1,11
BRDA:20,18,0,11
BRDA:20,18,1,11
BRDA:21,19,0,0
BRDA:21,19,1,11
BRDA:21,20,0,11
BRDA:21,20,1,11
BRDA:22,21,0,0
BRDA:22,21,1,11
BRDA:22,22,0,11
BRDA:22,22,1,11
BRF:45
BRH:37
end_of_record
TN:
SF:src\test-utils\factories\createOrder.ts
FN:6,(anonymous_2)
FNF:1
FNH:1
FNDA:4,(anonymous_2)
DA:2,5
DA:4,5
DA:6,5
DA:7,4
DA:8,4
LF:5
LH:5
BRDA:6,0,0,0
BRDA:7,1,0,4
BRDA:7,1,1,0
BRDA:7,2,0,4
BRDA:7,2,1,4
BRDA:9,3,0,2
BRDA:9,3,1,2
BRDA:9,4,0,4
BRDA:9,4,1,4
BRDA:10,5,0,1
BRDA:10,5,1,3
BRDA:10,6,0,4
BRDA:10,6,1,4
BRDA:11,7,0,2
BRDA:11,7,1,2
BRDA:11,8,0,4
BRDA:11,8,1,4
BRDA:12,9,0,0
BRDA:12,9,1,4
BRDA:12,10,0,4
BRDA:12,10,1,4
BRDA:13,11,0,0
BRDA:13,11,1,4
BRDA:13,12,0,4
BRDA:13,12,1,4
BRDA:15,13,0,0
BRDA:15,13,1,4
BRDA:15,14,0,4
BRDA:15,14,1,4
BRF:29
BRH:24
end_of_record
TN:
SF:src\utils\burger-api.ts
FN:7,(anonymous_13)
FN:8,(anonymous_14)
FN:21,(anonymous_15)
FN:31,(anonymous_16)
FN:32,(anonymous_17)
FN:41,(anonymous_18)
FN:43,(anonymous_19)
FN:78,(anonymous_21)
FN:80,(anonymous_22)
FN:81,(anonymous_23)
FN:86,(anonymous_24)
FN:88,(anonymous_25)
FN:89,(anonymous_26)
FN:94,(anonymous_27)
FN:101,(anonymous_28)
FN:111,(anonymous_29)
FN:121,(anonymous_30)
FN:130,(anonymous_31)
FN:136,(anonymous_32)
FN:150,(anonymous_33)
FN:158,(anonymous_34)
FN:159,(anonymous_35)
FN:169,(anonymous_36)
FN:177,(anonymous_37)
FN:178,(anonymous_38)
FN:183,(anonymous_39)
FN:191,(anonymous_40)
FN:192,(anonymous_41)
FN:197,(anonymous_42)
FN:205,(anonymous_43)
FN:206,(anonymous_44)
FN:213,(anonymous_45)
FN:220,(anonymous_46)
FN:230,(anonymous_47)
FN:239,(anonymous_48)
FNF:35
FNH:35
FNDA:27,(anonymous_13)
FNDA:6,(anonymous_14)
FNDA:5,(anonymous_15)
FNDA:5,(anonymous_16)
FNDA:5,(anonymous_17)
FNDA:5,(anonymous_18)
FNDA:5,(anonymous_19)
FNDA:2,(anonymous_21)
FNDA:2,(anonymous_22)
FNDA:1,(anonymous_23)
FNDA:2,(anonymous_24)
FNDA:2,(anonymous_25)
FNDA:2,(anonymous_26)
FNDA:2,(anonymous_27)
FNDA:2,(anonymous_28)
FNDA:2,(anonymous_29)
FNDA:2,(anonymous_30)
FNDA:2,(anonymous_31)
FNDA:2,(anonymous_32)
FNDA:2,(anonymous_33)
FNDA:2,(anonymous_34)
FNDA:2,(anonymous_35)
FNDA:2,(anonymous_36)
FNDA:2,(anonymous_37)
FNDA:2,(anonymous_38)
FNDA:2,(anonymous_39)
FNDA:2,(anonymous_40)
FNDA:2,(anonymous_41)
FNDA:2,(anonymous_42)
FNDA:2,(anonymous_43)
FNDA:2,(anonymous_44)
FNDA:1,(anonymous_45)
FNDA:1,(anonymous_46)
FNDA:2,(anonymous_47)
FNDA:2,(anonymous_48)
DA:1,6
DA:5,6
DA:7,6
DA:8,27
DA:21,6
DA:22,5
DA:31,5
DA:33,5
DA:34,2
DA:36,3
DA:37,3
DA:38,3
DA:41,6
DA:43,5
DA:46,5
DA:47,4
DA:49,5
DA:50,3
DA:51,2
DA:53,2
DA:56,2
DA:57,2
DA:59,1
DA:78,6
DA:79,2
DA:80,2
DA:82,1
DA:83,0
DA:86,6
DA:87,2
DA:88,2
DA:90,2
DA:91,1
DA:94,6
DA:95,2
DA:102,2
DA:103,1
DA:111,6
DA:112,2
DA:122,2
DA:123,1
DA:130,6
DA:131,2
DA:136,2
DA:150,6
DA:151,2
DA:158,2
DA:160,2
DA:161,1
DA:169,6
DA:170,2
DA:177,2
DA:179,2
DA:180,1
DA:183,6
DA:184,2
DA:191,2
DA:193,2
DA:194,1
DA:197,6
DA:198,2
DA:205,2
DA:207,2
DA:208,1
DA:213,6
DA:214,1
DA:220,6
DA:221,1
DA:230,6
DA:231,2
DA:239,2
LF:71
LH:70
BRDA:5,0,0,6
BRDA:5,0,1,6
BRDA:8,1,0,21
BRDA:8,1,1,6
BRDA:33,2,0,2
BRDA:47,3,0,4
BRDA:47,3,1,2
BRDA:47,3,2,1
BRDA:49,4,0,1
BRDA:51,5,0,2
BRDA:82,6,0,1
BRDA:82,7,0,0
BRDA:82,7,1,1
BRDA:82,8,0,1
BRDA:82,8,1,1
BRDA:90,9,0,1
BRDA:90,10,0,0
BRDA:90,10,1,2
BRDA:90,11,0,2
BRDA:90,11,1,2
BRDA:99,12,0,2
BRDA:99,12,1,2
BRDA:102,13,0,1
BRDA:102,14,0,0
BRDA:102,14,1,2
BRDA:102,15,0,2
BRDA:102,15,1,2
BRDA:116,16,0,2
BRDA:116,16,1,0
BRDA:122,17,0,1
BRDA:122,18,0,0
BRDA:122,18,1,2
BRDA:122,19,0,2
BRDA:122,19,1,2
BRDA:160,20,0,1
BRDA:160,21,0,0
BRDA:160,21,1,2
BRDA:160,22,0,2
BRDA:160,22,1,2
BRDA:179,23,0,1
BRDA:179,24,0,0
BRDA:179,24,1,2
BRDA:179,25,0,2
BRDA:179,25,1,2
BRDA:193,26,0,1
BRDA:193,27,0,0
BRDA:193,27,1,2
BRDA:193,28,0,2
BRDA:193,28,1,2
BRDA:207,29,0,1
BRDA:207,30,0,0
BRDA:207,30,1,2
BRDA:207,31,0,2
BRDA:207,31,1,2
BRDA:216,32,0,1
BRDA:216,32,1,0
BRDA:225,33,0,1
BRDA:225,33,1,0
BRF:58
BRH:47
end_of_record
TN:
SF:src\utils\cookie.ts
FN:1,getCookie
FN:13,setCookie
FN:45,deleteCookie
FNF:3
FNH:3
FNDA:3,getCookie
FNDA:4,setCookie
FNDA:1,deleteCookie
DA:1,6
DA:2,3
DA:10,3
DA:13,6
DA:16,5
DA:18,4
DA:23,4
DA:24,4
DA:25,2
DA:26,2
DA:27,2
DA:30,4
DA:31,3
DA:33,4
DA:34,4
DA:35,4
DA:36,8
DA:37,8
DA:38,8
DA:39,7
DA:42,4
DA:45,6
DA:46,1
LF:23
LH:23
BRDA:10,0,0,2
BRDA:10,0,1,1
BRDA:16,1,0,1
BRDA:24,2,0,2
BRDA:24,3,0,4
BRDA:24,3,1,3
BRDA:30,4,0,3
BRDA:30,5,0,4
BRDA:30,5,1,3
BRDA:38,6,0,7
BRF:10
BRH:10
end_of_record
