TN:
SF:src\features\constructorItems\constructorItemsSlice.ts
FN:27,(anonymous_2)
FN:30,(anonymous_3)
FN:33,(anonymous_4)
FN:40,(anonymous_5)
FN:55,(anonymous_6)
FN:59,(anonymous_7)
FN:69,(anonymous_8)
FN:80,(anonymous_9)
FN:88,(anonymous_10)
FN:94,(anonymous_11)
FN:99,(anonymous_12)
FN:117,(anonymous_13)
FNF:12
FNH:12
FNDA:26,(anonymous_2)
FNDA:29,(anonymous_3)
FNDA:11,(anonymous_4)
FNDA:14,(anonymous_5)
FNDA:6,(anonymous_6)
FNDA:4,(anonymous_7)
FNDA:3,(anonymous_8)
FNDA:1,(anonymous_9)
FNDA:1,(anonymous_10)
FNDA:3,(anonymous_11)
FNDA:4,(anonymous_12)
FNDA:1,(anonymous_13)
DA:1,4
DA:18,4
DA:27,4
DA:28,26
DA:30,29
DA:33,4
DA:34,11
DA:36,4
DA:41,14
DA:42,14
DA:44,14
DA:45,0
DA:47,14
DA:48,14
DA:50,14
DA:52,14
DA:56,6
DA:59,6
DA:60,4
DA:62,6
DA:63,1
DA:64,1
DA:65,0
DA:67,5
DA:68,3
DA:69,3
DA:70,3
DA:71,3
DA:73,2
DA:74,2
DA:75,2
DA:76,1
DA:77,1
DA:79,1
DA:80,1
DA:81,1
DA:82,1
DA:87,6
DA:88,1
DA:91,6
DA:95,3
DA:96,3
DA:100,4
DA:101,4
DA:102,4
DA:110,1
DA:112,3
DA:113,3
DA:114,3
DA:118,1
DA:119,1
DA:120,1
DA:126,4
DA:132,4
LF:54
LH:52
BRDA:29,0,0,2
BRDA:29,0,1,24
BRDA:29,1,0,2
BRDA:29,1,1,0
BRDA:30,2,0,29
BRDA:30,2,1,5
BRDA:30,3,0,0
BRDA:30,3,1,29
BRDA:30,4,0,29
BRDA:30,4,1,29
BRDA:34,5,0,11
BRDA:34,5,1,0
BRDA:42,6,0,0
BRDA:44,7,0,0
BRDA:44,7,1,14
BRDA:49,8,0,14
BRDA:49,8,1,11
BRDA:49,8,2,11
BRDA:60,9,0,0
BRDA:60,9,1,4
BRDA:60,10,0,4
BRDA:60,10,1,4
BRDA:60,11,0,0
BRDA:60,11,1,4
BRDA:60,12,0,4
BRDA:60,12,1,4
BRDA:60,13,0,0
BRDA:60,13,1,4
BRDA:60,14,0,4
BRDA:60,14,1,4
BRDA:60,15,0,0
BRDA:60,15,1,4
BRDA:60,16,0,4
BRDA:60,16,1,4
BRDA:62,17,0,1
BRDA:62,17,1,5
BRDA:64,18,0,0
BRDA:64,19,0,1
BRDA:64,19,1,1
BRDA:67,20,0,3
BRDA:67,20,1,2
BRDA:73,21,0,2
BRDA:73,22,0,2
BRDA:73,22,1,2
BRDA:75,23,0,1
BRDA:75,23,1,1
BRDA:76,24,0,1
BRDA:76,25,0,1
BRDA:76,25,1,1
BRDA:79,26,0,1
BRDA:95,27,0,2
BRDA:95,27,1,1
BRDA:102,28,0,1
BRDA:103,29,0,4
BRDA:103,29,1,4
BRDA:103,29,2,4
BRDA:103,29,3,3
BRDA:103,29,4,3
BRDA:103,29,5,3
BRF:59
BRH:49
end_of_record
TN:
SF:src\features\feed\feedSlice.ts
FN:4,(anonymous_13)
FN:30,(anonymous_16)
FN:32,(anonymous_17)
FN:36,(anonymous_18)
FN:42,(anonymous_19)
FNF:5
FNH:5
FNDA:4,(anonymous_13)
FNDA:2,(anonymous_16)
FNDA:1,(anonymous_17)
FNDA:1,(anonymous_18)
FNDA:1,(anonymous_19)
DA:1,3
DA:4,3
DA:5,2
DA:6,2
DA:7,1
DA:18,3
DA:26,3
DA:31,2
DA:33,1
DA:34,1
DA:37,1
DA:38,1
DA:39,1
DA:40,1
DA:43,1
DA:44,1
DA:49,3
LF:17
LH:17
BRDA:5,0,0,2
BRDA:5,0,1,1
BRDA:6,1,0,1
BRDA:44,2,0,1
BRDA:44,2,1,0
BRF:5
BRH:4
end_of_record
TN:
SF:src\features\ingredients\ingredientsSlice.ts
FN:21,(anonymous_13)
FN:28,(anonymous_16)
FN:33,(anonymous_17)
FN:34,(anonymous_18)
FN:45,(anonymous_19)
FN:62,(anonymous_20)
FN:71,(anonymous_21)
FN:75,(anonymous_22)
FN:77,(anonymous_23)
FN:81,(anonymous_24)
FN:85,(anonymous_25)
FNF:11
FNH:10
FNDA:0,(anonymous_13)
FNDA:3,(anonymous_16)
FNDA:1,(anonymous_17)
FNDA:1,(anonymous_18)
FNDA:2,(anonymous_19)
FNDA:4,(anonymous_20)
FNDA:1,(anonymous_21)
FNDA:2,(anonymous_22)
FNDA:1,(anonymous_23)
FNDA:5,(anonymous_24)
FNDA:1,(anonymous_25)
DA:1,4
DA:2,4
DA:12,4
DA:19,4
DA:21,0
DA:24,4
DA:29,3
DA:31,3
DA:33,1
DA:34,1
DA:35,1
DA:36,1
DA:39,1
DA:41,2
DA:46,2
DA:48,2
DA:50,0
DA:52,2
DA:53,2
DA:54,2
DA:55,1
DA:57,1
DA:63,4
DA:64,4
DA:65,1
DA:67,3
DA:72,1
DA:76,2
DA:78,1
DA:79,1
DA:82,5
DA:83,5
DA:86,1
DA:87,1
DA:92,4
DA:94,4
LF:36
LH:34
BRDA:21,0,0,0
BRDA:21,0,1,0
BRDA:31,1,0,1
BRDA:31,1,1,2
BRDA:35,2,0,1
BRDA:35,3,0,0
BRDA:35,3,1,1
BRDA:35,4,0,1
BRDA:35,4,1,1
BRDA:41,5,0,2
BRDA:41,5,1,1
BRDA:48,6,0,0
BRDA:48,6,1,2
BRDA:50,7,0,0
BRDA:52,8,0,2
BRDA:52,8,1,0
BRDA:54,9,0,1
BRDA:54,9,1,1
BRDA:64,10,0,1
BRDA:64,10,1,3
BRDA:87,11,0,1
BRDA:87,11,1,0
BRF:22
BRH:15
end_of_record
TN:
SF:src\features\order\orderSlice.ts
FN:8,(anonymous_13)
FN:8,(anonymous_14)
FN:41,(anonymous_16)
FN:45,(anonymous_17)
FN:47,(anonymous_18)
FN:51,(anonymous_19)
FN:55,(anonymous_20)
FNF:7
FNH:7
FNDA:2,(anonymous_13)
FNDA:2,(anonymous_14)
FNDA:1,(anonymous_16)
FNDA:2,(anonymous_17)
FNDA:1,(anonymous_18)
FNDA:2,(anonymous_19)
FNDA:1,(anonymous_20)
DA:1,3
DA:2,3
DA:3,3
DA:4,3
DA:6,3
DA:8,2
DA:10,2
DA:13,1
DA:14,1
DA:15,1
DA:20,1
DA:22,1
DA:32,3
DA:37,3
DA:42,1
DA:46,2
DA:48,1
DA:49,1
DA:52,2
DA:53,2
DA:56,1
DA:57,1
DA:62,3
DA:63,3
LF:24
LH:24
BRDA:22,0,0,1
BRDA:22,0,1,0
BRF:2
BRH:1
end_of_record
TN:
SF:src\features\profileOrders\profileOrdersSlice.ts
FN:45,(anonymous_0)
FN:48,(anonymous_1)
FN:52,(anonymous_2)
FN:54,(anonymous_3)
FN:58,(anonymous_4)
FN:62,(anonymous_5)
FN:65,(anonymous_6)
FNF:7
FNH:7
FNDA:1,(anonymous_0)
FNDA:1,(anonymous_1)
FNDA:2,(anonymous_2)
FNDA:1,(anonymous_3)
FNDA:1,(anonymous_4)
FNDA:1,(anonymous_5)
FNDA:1,(anonymous_6)
DA:1,2
DA:22,2
DA:32,2
DA:33,2
DA:34,2
DA:35,2
DA:41,2
DA:46,1
DA:49,1
DA:53,2
DA:55,1
DA:56,1
DA:59,1
DA:63,1
DA:66,1
DA:67,1
DA:68,1
DA:73,2
DA:75,2
LF:19
LH:19
BRF:0
BRH:0
end_of_record
TN:
SF:src\features\user\userSlice.ts
FN:46,saveTokens
FN:57,(anonymous_14)
FN:57,(anonymous_15)
FN:76,(anonymous_17)
FN:76,(anonymous_18)
FN:95,(anonymous_20)
FN:97,(anonymous_21)
FN:119,(anonymous_23)
FN:119,(anonymous_24)
FN:150,(anonymous_26)
FN:154,(anonymous_27)
FN:163,(anonymous_28)
FN:165,(anonymous_29)
FN:170,(anonymous_30)
FN:175,(anonymous_31)
FN:180,(anonymous_32)
FN:185,(anonymous_33)
FN:190,(anonymous_34)
FN:195,(anonymous_35)
FN:199,(anonymous_36)
FN:204,(anonymous_37)
FN:209,(anonymous_38)
FN:214,(anonymous_39)
FN:219,(anonymous_40)
FNF:24
FNH:24
FNDA:3,saveTokens
FNDA:3,(anonymous_14)
FNDA:3,(anonymous_15)
FNDA:2,(anonymous_17)
FNDA:2,(anonymous_18)
FNDA:2,(anonymous_20)
FNDA:2,(anonymous_21)
FNDA:5,(anonymous_23)
FNDA:5,(anonymous_24)
FNDA:1,(anonymous_26)
FNDA:1,(anonymous_27)
FNDA:2,(anonymous_28)
FNDA:1,(anonymous_29)
FNDA:1,(anonymous_30)
FNDA:1,(anonymous_31)
FNDA:1,(anonymous_32)
FNDA:1,(anonymous_33)
FNDA:1,(anonymous_34)
FNDA:1,(anonymous_35)
FNDA:1,(anonymous_36)
FNDA:1,(anonymous_37)
FNDA:1,(anonymous_38)
FNDA:1,(anonymous_39)
FNDA:1,(anonymous_40)
DA:1,6
DA:2,6
DA:3,6
DA:5,6
DA:19,6
DA:47,3
DA:50,3
DA:51,3
DA:52,3
DA:55,6
DA:57,3
DA:59,3
DA:66,2
DA:67,2
DA:69,1
DA:74,6
DA:76,2
DA:78,2
DA:85,1
DA:86,1
DA:88,1
DA:93,6
DA:97,2
DA:100,2
DA:101,2
DA:109,1
DA:111,1
DA:117,6
DA:119,5
DA:120,5
DA:121,5
DA:128,2
DA:131,3
DA:138,1
DA:140,2
DA:141,2
DA:146,6
DA:151,1
DA:152,1
DA:155,1
DA:156,1
DA:157,1
DA:158,1
DA:159,1
DA:160,1
DA:164,2
DA:166,1
DA:167,1
DA:168,1
DA:171,1
DA:172,1
DA:173,1
DA:176,1
DA:177,1
DA:178,1
DA:181,1
DA:182,1
DA:183,1
DA:186,1
DA:187,1
DA:188,1
DA:191,1
DA:192,1
DA:193,1
DA:196,1
DA:197,1
DA:200,1
DA:201,1
DA:202,1
DA:205,1
DA:206,1
DA:207,1
DA:210,1
DA:211,1
DA:212,1
DA:215,1
DA:216,1
DA:217,1
DA:220,1
DA:221,1
DA:222,1
DA:223,1
DA:228,6
DA:229,6
LF:84
LH:84
BRDA:105,0,0,0
BRDA:105,0,1,2
BRDA:121,1,0,2
BRDA:122,2,0,5
BRDA:122,2,1,3
BRDA:122,2,2,3
BRDA:122,2,3,3
BRF:7
BRH:6
end_of_record
TN:
SF:src\services\rootReducer.ts
FNF:0
FNH:0
DA:1,1
DA:2,1
DA:3,1
DA:4,1
DA:5,1
DA:6,1
DA:7,1
DA:9,1
LF:8
LH:8
BRF:0
BRH:0
end_of_record
TN:
SF:src\utils\burger-api.ts
FN:7,(anonymous_13)
FN:8,(anonymous_14)
FN:21,(anonymous_15)
FN:31,(anonymous_16)
FN:32,(anonymous_17)
FN:41,(anonymous_18)
FN:43,(anonymous_19)
FN:78,(anonymous_21)
FN:80,(anonymous_22)
FN:81,(anonymous_23)
FN:86,(anonymous_24)
FN:88,(anonymous_25)
FN:89,(anonymous_26)
FN:94,(anonymous_27)
FN:101,(anonymous_28)
FN:111,(anonymous_29)
FN:121,(anonymous_30)
FN:130,(anonymous_31)
FN:136,(anonymous_32)
FN:150,(anonymous_33)
FN:158,(anonymous_34)
FN:159,(anonymous_35)
FN:169,(anonymous_36)
FN:177,(anonymous_37)
FN:178,(anonymous_38)
FN:183,(anonymous_39)
FN:191,(anonymous_40)
FN:192,(anonymous_41)
FN:197,(anonymous_42)
FN:205,(anonymous_43)
FN:206,(anonymous_44)
FN:213,(anonymous_45)
FN:220,(anonymous_46)
FN:230,(anonymous_47)
FN:239,(anonymous_48)
FNF:35
FNH:35
FNDA:25,(anonymous_13)
FNDA:6,(anonymous_14)
FNDA:4,(anonymous_15)
FNDA:4,(anonymous_16)
FNDA:4,(anonymous_17)
FNDA:4,(anonymous_18)
FNDA:4,(anonymous_19)
FNDA:2,(anonymous_21)
FNDA:2,(anonymous_22)
FNDA:1,(anonymous_23)
FNDA:2,(anonymous_24)
FNDA:2,(anonymous_25)
FNDA:2,(anonymous_26)
FNDA:2,(anonymous_27)
FNDA:2,(anonymous_28)
FNDA:2,(anonymous_29)
FNDA:2,(anonymous_30)
FNDA:2,(anonymous_31)
FNDA:2,(anonymous_32)
FNDA:2,(anonymous_33)
FNDA:2,(anonymous_34)
FNDA:2,(anonymous_35)
FNDA:2,(anonymous_36)
FNDA:2,(anonymous_37)
FNDA:2,(anonymous_38)
FNDA:2,(anonymous_39)
FNDA:2,(anonymous_40)
FNDA:2,(anonymous_41)
FNDA:2,(anonymous_42)
FNDA:2,(anonymous_43)
FNDA:2,(anonymous_44)
FNDA:1,(anonymous_45)
FNDA:1,(anonymous_46)
FNDA:2,(anonymous_47)
FNDA:2,(anonymous_48)
DA:1,4
DA:5,4
DA:7,4
DA:8,25
DA:21,4
DA:22,4
DA:31,4
DA:33,4
DA:34,2
DA:36,2
DA:37,2
DA:38,2
DA:41,4
DA:43,4
DA:46,4
DA:47,4
DA:49,4
DA:50,2
DA:51,1
DA:53,1
DA:56,1
DA:57,1
DA:59,1
DA:78,4
DA:79,2
DA:80,2
DA:82,1
DA:83,0
DA:86,4
DA:87,2
DA:88,2
DA:90,2
DA:91,1
DA:94,4
DA:95,2
DA:102,2
DA:103,1
DA:111,4
DA:112,2
DA:122,2
DA:123,1
DA:130,4
DA:131,2
DA:136,2
DA:150,4
DA:151,2
DA:158,2
DA:160,2
DA:161,1
DA:169,4
DA:170,2
DA:177,2
DA:179,2
DA:180,1
DA:183,4
DA:184,2
DA:191,2
DA:193,2
DA:194,1
DA:197,4
DA:198,2
DA:205,2
DA:207,2
DA:208,1
DA:213,4
DA:214,1
DA:220,4
DA:221,1
DA:230,4
DA:231,2
DA:239,2
LF:71
LH:70
BRDA:5,0,0,4
BRDA:5,0,1,4
BRDA:8,1,0,19
BRDA:8,1,1,6
BRDA:33,2,0,2
BRDA:47,3,0,4
BRDA:47,3,1,1
BRDA:47,3,2,1
BRDA:49,4,0,1
BRDA:51,5,0,1
BRDA:82,6,0,1
BRDA:82,7,0,0
BRDA:82,7,1,1
BRDA:82,8,0,1
BRDA:82,8,1,1
BRDA:90,9,0,1
BRDA:90,10,0,0
BRDA:90,10,1,2
BRDA:90,11,0,2
BRDA:90,11,1,2
BRDA:99,12,0,2
BRDA:99,12,1,2
BRDA:102,13,0,1
BRDA:102,14,0,0
BRDA:102,14,1,2
BRDA:102,15,0,2
BRDA:102,15,1,2
BRDA:116,16,0,2
BRDA:116,16,1,0
BRDA:122,17,0,1
BRDA:122,18,0,0
BRDA:122,18,1,2
BRDA:122,19,0,2
BRDA:122,19,1,2
BRDA:160,20,0,1
BRDA:160,21,0,0
BRDA:160,21,1,2
BRDA:160,22,0,2
BRDA:160,22,1,2
BRDA:179,23,0,1
BRDA:179,24,0,0
BRDA:179,24,1,2
BRDA:179,25,0,2
BRDA:179,25,1,2
BRDA:193,26,0,1
BRDA:193,27,0,0
BRDA:193,27,1,2
BRDA:193,28,0,2
BRDA:193,28,1,2
BRDA:207,29,0,1
BRDA:207,30,0,0
BRDA:207,30,1,2
BRDA:207,31,0,2
BRDA:207,31,1,2
BRDA:216,32,0,1
BRDA:216,32,1,0
BRDA:225,33,0,1
BRDA:225,33,1,0
BRF:58
BRH:47
end_of_record
TN:
SF:src\utils\cookie.ts
FN:1,getCookie
FN:13,setCookie
FN:45,deleteCookie
FNF:3
FNH:3
FNDA:3,getCookie
FNDA:3,setCookie
FNDA:1,deleteCookie
DA:1,4
DA:2,3
DA:10,3
DA:13,4
DA:16,3
DA:18,3
DA:23,3
DA:24,3
DA:25,2
DA:26,2
DA:27,2
DA:30,3
DA:31,3
DA:33,3
DA:34,3
DA:35,3
DA:36,7
DA:37,7
DA:38,7
DA:39,6
DA:42,3
DA:45,4
DA:46,1
LF:23
LH:23
BRDA:10,0,0,2
BRDA:10,0,1,1
BRDA:16,1,0,0
BRDA:24,2,0,2
BRDA:24,3,0,3
BRDA:24,3,1,3
BRDA:30,4,0,3
BRDA:30,5,0,3
BRDA:30,5,1,3
BRDA:38,6,0,6
BRF:10
BRH:9
end_of_record
